===2019-07-03 11:03:20.321 INFO  com.xsmart.camera.GodeyeStart Line:50  - Starting GodeyeStart on DESKTOP-MB4R5RL with PID 13840 (D:\IDEAWorkSpace\other\godeye\target\classes started by Think in D:\IDEAWorkSpace\other\godeye)
===2019-07-03 11:03:20.337 INFO  com.xsmart.camera.GodeyeStart Line:652 - No active profile set, falling back to default profiles: default
===2019-07-03 11:03:20.460 INFO  org.springframework.boot.web.servlet.context.AnnotationConfigServletWebServerApplicationContext Line:589 - Refreshing org.springframework.boot.web.servlet.context.AnnotationConfigServletWebServerApplicationContext@4af0df05: startup date [Wed Jul 03 11:03:20 CST 2019]; root of context hierarchy
===2019-07-03 11:03:22.409 INFO  org.springframework.boot.web.embedded.tomcat.TomcatWebServer Line:91  - Tomcat initialized with port(s): 8001 (http)
===2019-07-03 11:03:22.435 INFO  org.apache.coyote.http11.Http11NioProtocol Line:180 - Initializing ProtocolHandler ["http-nio-8001"]
===2019-07-03 11:03:22.452 INFO  org.apache.catalina.core.StandardService Line:180 - Starting service [Tomcat]
===2019-07-03 11:03:22.452 INFO  org.apache.catalina.core.StandardEngine Line:180 - Starting Servlet Engine: Apache Tomcat/8.5.28
===2019-07-03 11:03:22.462 INFO  org.apache.catalina.core.AprLifecycleListener Line:180 - Loaded APR based Apache Tomcat Native library [1.2.16] using APR version [1.6.3].
===2019-07-03 11:03:22.463 INFO  org.apache.catalina.core.AprLifecycleListener Line:180 - APR capabilities: IPv6 [true], sendfile [true], accept filters [false], random [true].
===2019-07-03 11:03:22.463 INFO  org.apache.catalina.core.AprLifecycleListener Line:180 - APR/OpenSSL configuration: useAprConnector [false], useOpenSSL [true]
===2019-07-03 11:03:23.615 INFO  org.apache.catalina.core.AprLifecycleListener Line:180 - OpenSSL successfully initialized [OpenSSL 1.0.2m  2 Nov 2017]
===2019-07-03 11:03:23.791 INFO  org.apache.catalina.core.ContainerBase.[Tomcat].[localhost].[/godeye] Line:180 - Initializing Spring embedded WebApplicationContext
===2019-07-03 11:03:23.792 INFO  org.springframework.web.context.ContextLoader Line:285 - Root WebApplicationContext: initialization completed in 3332 ms
===2019-07-03 11:03:24.026 INFO  org.springframework.boot.web.servlet.ServletRegistrationBean Line:185 - Servlet dispatcherServlet mapped to [/]
===2019-07-03 11:03:24.034 INFO  org.springframework.boot.web.servlet.FilterRegistrationBean Line:243 - Mapping filter: 'characterEncodingFilter' to: [/*]
===2019-07-03 11:03:24.035 INFO  org.springframework.boot.web.servlet.FilterRegistrationBean Line:243 - Mapping filter: 'hiddenHttpMethodFilter' to: [/*]
===2019-07-03 11:03:24.036 INFO  org.springframework.boot.web.servlet.FilterRegistrationBean Line:243 - Mapping filter: 'httpPutFormContentFilter' to: [/*]
===2019-07-03 11:03:24.037 INFO  org.springframework.boot.web.servlet.FilterRegistrationBean Line:243 - Mapping filter: 'requestContextFilter' to: [/*]
===2019-07-03 11:03:24.673 INFO  org.springframework.web.servlet.mvc.method.annotation.RequestMappingHandlerAdapter Line:567 - Looking for @ControllerAdvice: org.springframework.boot.web.servlet.context.AnnotationConfigServletWebServerApplicationContext@4af0df05: startup date [Wed Jul 03 11:03:20 CST 2019]; root of context hierarchy
===2019-07-03 11:03:24.788 INFO  org.springframework.web.servlet.mvc.method.annotation.RequestMappingHandlerMapping Line:548 - Mapped "{[/index/{streamId} || /INDEX/{streamId}],methods=[GET]}" onto public void com.xsmart.camera.controller.CameraController.index(javax.servlet.http.HttpServletRequest,java.lang.Integer)
===2019-07-03 11:03:24.791 INFO  org.springframework.web.servlet.mvc.method.annotation.RequestMappingHandlerMapping Line:548 - Mapped "{[/stopPushStream/{host}],methods=[POST]}" onto public com.xsmart.camera.http.CameraResponse com.xsmart.camera.controller.FfmpegController.stopPushStream(javax.servlet.http.HttpServletRequest,java.lang.String)
===2019-07-03 11:03:24.791 INFO  org.springframework.web.servlet.mvc.method.annotation.RequestMappingHandlerMapping Line:548 - Mapped "{[/startPushStream/{streamPath}/{provider}/{deviceId}],methods=[POST]}" onto public void com.xsmart.camera.controller.FfmpegController.startPushStream(javax.servlet.http.HttpServletRequest,java.lang.String,java.lang.String,java.lang.String)
===2019-07-03 11:03:24.799 INFO  org.springframework.web.servlet.mvc.method.annotation.RequestMappingHandlerMapping Line:548 - Mapped "{[/srs/callback/onplay],methods=[POST]}" onto public int com.xsmart.camera.controller.SrsCallbackController.onplay(java.lang.String)
===2019-07-03 11:03:24.800 INFO  org.springframework.web.servlet.mvc.method.annotation.RequestMappingHandlerMapping Line:548 - Mapped "{[/srs/callback/ondvr],methods=[POST]}" onto public int com.xsmart.camera.controller.SrsCallbackController.ondvr(java.lang.String)
===2019-07-03 11:03:24.801 INFO  org.springframework.web.servlet.mvc.method.annotation.RequestMappingHandlerMapping Line:548 - Mapped "{[/srs/callback/onpublish],methods=[POST]}" onto public int com.xsmart.camera.controller.SrsCallbackController.onpublish(java.lang.String)
===2019-07-03 11:03:24.802 INFO  org.springframework.web.servlet.mvc.method.annotation.RequestMappingHandlerMapping Line:548 - Mapped "{[/srs/callback/onunpublish],methods=[POST]}" onto public int com.xsmart.camera.controller.SrsCallbackController.onunpublish(java.lang.String)
===2019-07-03 11:03:24.803 INFO  org.springframework.web.servlet.mvc.method.annotation.RequestMappingHandlerMapping Line:548 - Mapped "{[/srs/callback/onclose],methods=[POST]}" onto public int com.xsmart.camera.controller.SrsCallbackController.onclose(java.lang.String)
===2019-07-03 11:03:24.803 INFO  org.springframework.web.servlet.mvc.method.annotation.RequestMappingHandlerMapping Line:548 - Mapped "{[/srs/callback/onconnect],methods=[POST]}" onto public int com.xsmart.camera.controller.SrsCallbackController.onconnect(java.lang.String)
===2019-07-03 11:03:24.804 INFO  org.springframework.web.servlet.mvc.method.annotation.RequestMappingHandlerMapping Line:548 - Mapped "{[/srs/callback/onstop],methods=[POST]}" onto public int com.xsmart.camera.controller.SrsCallbackController.onstop(java.lang.String)
===2019-07-03 11:03:24.812 INFO  org.springframework.web.servlet.mvc.method.annotation.RequestMappingHandlerMapping Line:548 - Mapped "{[/srs/versions],methods=[GET]}" onto public java.lang.String com.xsmart.camera.controller.SrsController.getVersions()
===2019-07-03 11:03:24.813 INFO  org.springframework.web.servlet.mvc.method.annotation.RequestMappingHandlerMapping Line:548 - Mapped "{[/srs/system_proc_stats],methods=[GET]}" onto public java.lang.String com.xsmart.camera.controller.SrsController.getSystemProcStats()
===2019-07-03 11:03:24.813 INFO  org.springframework.web.servlet.mvc.method.annotation.RequestMappingHandlerMapping Line:548 - Mapped "{[/srs/features],methods=[GET]}" onto public java.lang.String com.xsmart.camera.controller.SrsController.getFeatures()
===2019-07-03 11:03:24.814 INFO  org.springframework.web.servlet.mvc.method.annotation.RequestMappingHandlerMapping Line:548 - Mapped "{[/srs/clients],methods=[GET]}" onto public java.lang.String com.xsmart.camera.controller.SrsController.getClients()
===2019-07-03 11:03:24.815 INFO  org.springframework.web.servlet.mvc.method.annotation.RequestMappingHandlerMapping Line:548 - Mapped "{[/srs/self_proc_stats],methods=[GET]}" onto public java.lang.String com.xsmart.camera.controller.SrsController.getselfProcStats()
===2019-07-03 11:03:24.816 INFO  org.springframework.web.servlet.mvc.method.annotation.RequestMappingHandlerMapping Line:548 - Mapped "{[/srs/meminfos],methods=[GET]}" onto public java.lang.String com.xsmart.camera.controller.SrsController.getMeminfos()
===2019-07-03 11:03:24.817 INFO  org.springframework.web.servlet.mvc.method.annotation.RequestMappingHandlerMapping Line:548 - Mapped "{[/srs/streams],methods=[GET]}" onto public java.lang.String com.xsmart.camera.controller.SrsController.getStreams()
===2019-07-03 11:03:24.818 INFO  org.springframework.web.servlet.mvc.method.annotation.RequestMappingHandlerMapping Line:548 - Mapped "{[/srs/authors],methods=[GET]}" onto public java.lang.String com.xsmart.camera.controller.SrsController.getAuthors()
===2019-07-03 11:03:24.819 INFO  org.springframework.web.servlet.mvc.method.annotation.RequestMappingHandlerMapping Line:548 - Mapped "{[/srs/requests],methods=[GET]}" onto public java.lang.String com.xsmart.camera.controller.SrsController.getRequests()
===2019-07-03 11:03:24.820 INFO  org.springframework.web.servlet.mvc.method.annotation.RequestMappingHandlerMapping Line:548 - Mapped "{[/srs/configs],methods=[GET]}" onto public java.lang.String com.xsmart.camera.controller.SrsController.getConfigs()
===2019-07-03 11:03:24.821 INFO  org.springframework.web.servlet.mvc.method.annotation.RequestMappingHandlerMapping Line:548 - Mapped "{[/srs/summaries],methods=[GET]}" onto public java.lang.String com.xsmart.camera.controller.SrsController.getSummaries()
===2019-07-03 11:03:24.822 INFO  org.springframework.web.servlet.mvc.method.annotation.RequestMappingHandlerMapping Line:548 - Mapped "{[/srs/rusages],methods=[GET]}" onto public java.lang.String com.xsmart.camera.controller.SrsController.getRusages()
===2019-07-03 11:03:24.827 INFO  org.springframework.web.servlet.mvc.method.annotation.RequestMappingHandlerMapping Line:548 - Mapped "{[/error]}" onto public org.springframework.http.ResponseEntity<java.util.Map<java.lang.String, java.lang.Object>> org.springframework.boot.autoconfigure.web.servlet.error.BasicErrorController.error(javax.servlet.http.HttpServletRequest)
===2019-07-03 11:03:24.831 INFO  org.springframework.web.servlet.mvc.method.annotation.RequestMappingHandlerMapping Line:548 - Mapped "{[/error],produces=[text/html]}" onto public org.springframework.web.servlet.ModelAndView org.springframework.boot.autoconfigure.web.servlet.error.BasicErrorController.errorHtml(javax.servlet.http.HttpServletRequest,javax.servlet.http.HttpServletResponse)
===2019-07-03 11:03:24.903 INFO  org.springframework.web.servlet.handler.SimpleUrlHandlerMapping Line:373 - Mapped URL path [/webjars/**] onto handler of type [class org.springframework.web.servlet.resource.ResourceHttpRequestHandler]
===2019-07-03 11:03:24.904 INFO  org.springframework.web.servlet.handler.SimpleUrlHandlerMapping Line:373 - Mapped URL path [/**] onto handler of type [class org.springframework.web.servlet.resource.ResourceHttpRequestHandler]
===2019-07-03 11:03:25.007 INFO  org.springframework.web.servlet.handler.SimpleUrlHandlerMapping Line:373 - Mapped URL path [/**/favicon.ico] onto handler of type [class org.springframework.web.servlet.resource.ResourceHttpRequestHandler]
===2019-07-03 11:03:25.502 INFO  org.springframework.jmx.export.annotation.AnnotationMBeanExporter Line:434 - Registering beans for JMX exposure on startup
===2019-07-03 11:03:25.526 INFO  org.apache.coyote.http11.Http11NioProtocol Line:180 - Starting ProtocolHandler ["http-nio-8001"]
===2019-07-03 11:03:25.554 INFO  org.apache.tomcat.util.net.NioSelectorPool Line:180 - Using a shared selector for servlet write/read
===2019-07-03 11:03:25.589 INFO  org.springframework.boot.web.embedded.tomcat.TomcatWebServer Line:205 - Tomcat started on port(s): 8001 (http) with context path '/godeye'
===2019-07-03 11:03:25.597 INFO  com.xsmart.camera.GodeyeStart Line:59  - Started GodeyeStart in 6.09 seconds (JVM running for 12.913)
===2019-07-03 11:04:37.543 INFO  org.apache.catalina.core.ContainerBase.[Tomcat].[localhost].[/godeye] Line:180 - Initializing Spring FrameworkServlet 'dispatcherServlet'
===2019-07-03 11:04:37.543 INFO  org.springframework.web.servlet.DispatcherServlet Line:494 - FrameworkServlet 'dispatcherServlet': initialization started
===2019-07-03 11:04:37.588 INFO  org.springframework.web.servlet.DispatcherServlet Line:513 - FrameworkServlet 'dispatcherServlet': initialization completed in 45 ms
===2019-07-03 11:04:37.762 INFO  com.xsmart.camera.controller.FfmpegController Line:55  - =======http request startPushStream begin streamPath is testone live onepiece ===== 
===2019-07-03 11:05:42.664 INFO  com.xsmart.camera.controller.FfmpegController Line:65  - =======http request startPushStream end===== 
===2019-07-03 11:05:42.791 INFO  org.springframework.boot.web.servlet.context.AnnotationConfigServletWebServerApplicationContext Line:989 - Closing org.springframework.boot.web.servlet.context.AnnotationConfigServletWebServerApplicationContext@4af0df05: startup date [Wed Jul 03 11:03:20 CST 2019]; root of context hierarchy
===2019-07-03 11:05:42.801 INFO  org.springframework.jmx.export.annotation.AnnotationMBeanExporter Line:452 - Unregistering JMX-exposed beans on shutdown
