===2019-07-24 16:09:02.825 INFO  com.xsmart.camera.GodeyeStart Line:50  - Starting GodeyeStart on DESKTOP-MB4R5RL with PID 17500 (D:\IDEAWorkSpace\other\godeye\target\classes started by Think in D:\IDEAWorkSpace\other\godeye)
===2019-07-24 16:09:02.842 INFO  com.xsmart.camera.GodeyeStart Line:652 - No active profile set, falling back to default profiles: default
===2019-07-24 16:09:02.956 INFO  org.springframework.boot.web.servlet.context.AnnotationConfigServletWebServerApplicationContext Line:589 - Refreshing org.springframework.boot.web.servlet.context.AnnotationConfigServletWebServerApplicationContext@63dd899: startup date [Wed Jul 24 16:09:02 CST 2019]; root of context hierarchy
===2019-07-24 16:09:04.132 INFO  org.springframework.beans.factory.support.DefaultListableBeanFactory Line:824 - Overriding bean definition for bean 'dataSource' with a different definition: replacing [Root bean: class [null]; scope=; abstract=false; lazyInit=false; autowireMode=3; dependencyCheck=0; autowireCandidate=true; primary=false; factoryBeanName=org.springframework.boot.autoconfigure.jdbc.DataSourceConfiguration$Tomcat; factoryMethodName=dataSource; initMethodName=null; destroyMethodName=(inferred); defined in class path resource [org/springframework/boot/autoconfigure/jdbc/DataSourceConfiguration$Tomcat.class]] with [Root bean: class [null]; scope=; abstract=false; lazyInit=false; autowireMode=3; dependencyCheck=0; autowireCandidate=true; primary=false; factoryBeanName=org.springframework.boot.autoconfigure.jdbc.DataSourceConfiguration$Hikari; factoryMethodName=dataSource; initMethodName=null; destroyMethodName=(inferred); defined in class path resource [org/springframework/boot/autoconfigure/jdbc/DataSourceConfiguration$Hikari.class]]
===2019-07-24 16:09:05.451 INFO  org.springframework.boot.web.embedded.tomcat.TomcatWebServer Line:91  - Tomcat initialized with port(s): 8001 (http)
===2019-07-24 16:09:05.474 INFO  org.apache.coyote.http11.Http11NioProtocol Line:180 - Initializing ProtocolHandler ["http-nio-8001"]
===2019-07-24 16:09:05.491 INFO  org.apache.catalina.core.StandardService Line:180 - Starting service [Tomcat]
===2019-07-24 16:09:05.491 INFO  org.apache.catalina.core.StandardEngine Line:180 - Starting Servlet Engine: Apache Tomcat/8.5.28
===2019-07-24 16:09:05.499 INFO  org.apache.catalina.core.AprLifecycleListener Line:180 - Loaded APR based Apache Tomcat Native library [1.2.16] using APR version [1.6.3].
===2019-07-24 16:09:05.500 INFO  org.apache.catalina.core.AprLifecycleListener Line:180 - APR capabilities: IPv6 [true], sendfile [true], accept filters [false], random [true].
===2019-07-24 16:09:05.500 INFO  org.apache.catalina.core.AprLifecycleListener Line:180 - APR/OpenSSL configuration: useAprConnector [false], useOpenSSL [true]
===2019-07-24 16:09:06.677 INFO  org.apache.catalina.core.AprLifecycleListener Line:180 - OpenSSL successfully initialized [OpenSSL 1.0.2m  2 Nov 2017]
===2019-07-24 16:09:06.830 INFO  org.apache.catalina.core.ContainerBase.[Tomcat].[localhost].[/godeye] Line:180 - Initializing Spring embedded WebApplicationContext
===2019-07-24 16:09:06.830 INFO  org.springframework.web.context.ContextLoader Line:285 - Root WebApplicationContext: initialization completed in 3874 ms
===2019-07-24 16:09:07.189 INFO  org.springframework.boot.web.servlet.ServletRegistrationBean Line:185 - Servlet dispatcherServlet mapped to [/]
===2019-07-24 16:09:07.196 INFO  org.springframework.boot.web.servlet.FilterRegistrationBean Line:243 - Mapping filter: 'characterEncodingFilter' to: [/*]
===2019-07-24 16:09:07.197 INFO  org.springframework.boot.web.servlet.FilterRegistrationBean Line:243 - Mapping filter: 'hiddenHttpMethodFilter' to: [/*]
===2019-07-24 16:09:07.197 INFO  org.springframework.boot.web.servlet.FilterRegistrationBean Line:243 - Mapping filter: 'httpPutFormContentFilter' to: [/*]
===2019-07-24 16:09:07.197 INFO  org.springframework.boot.web.servlet.FilterRegistrationBean Line:243 - Mapping filter: 'requestContextFilter' to: [/*]
===2019-07-24 16:09:08.727 INFO  org.springframework.web.servlet.mvc.method.annotation.RequestMappingHandlerAdapter Line:567 - Looking for @ControllerAdvice: org.springframework.boot.web.servlet.context.AnnotationConfigServletWebServerApplicationContext@63dd899: startup date [Wed Jul 24 16:09:02 CST 2019]; root of context hierarchy
===2019-07-24 16:09:08.933 INFO  org.springframework.web.servlet.mvc.method.annotation.RequestMappingHandlerMapping Line:548 - Mapped "{[/replay/broadcast],methods=[POST]}" onto public com.xsmart.camera.http.CameraResponse com.xsmart.camera.controller.CameraController.broadcast(java.lang.String)
===2019-07-24 16:09:08.935 INFO  org.springframework.web.servlet.mvc.method.annotation.RequestMappingHandlerMapping Line:548 - Mapped "{[/callback/record],methods=[POST]}" onto public java.lang.String com.xsmart.camera.controller.CameraController.callbackRecord(java.lang.String)
===2019-07-24 16:09:08.936 INFO  org.springframework.web.servlet.mvc.method.annotation.RequestMappingHandlerMapping Line:548 - Mapped "{[/replay/stored],methods=[GET]}" onto public com.xsmart.camera.http.CameraResponse com.xsmart.camera.controller.CameraController.stored()
===2019-07-24 16:09:08.937 INFO  org.springframework.web.servlet.mvc.method.annotation.RequestMappingHandlerMapping Line:548 - Mapped "{[/replay/set],methods=[POST]}" onto public com.xsmart.camera.http.CameraResponse com.xsmart.camera.controller.CameraController.replaySet(java.lang.String,javax.servlet.http.HttpServletRequest)
===2019-07-24 16:09:08.938 INFO  org.springframework.web.servlet.mvc.method.annotation.RequestMappingHandlerMapping Line:548 - Mapped "{[/startRecord],methods=[POST]}" onto public com.xsmart.camera.http.CameraResponse com.xsmart.camera.controller.FfmpegController.startRecord(java.lang.String)
===2019-07-24 16:09:08.938 INFO  org.springframework.web.servlet.mvc.method.annotation.RequestMappingHandlerMapping Line:548 - Mapped "{[/playStream],methods=[POST]}" onto public com.xsmart.camera.http.CameraResponse com.xsmart.camera.controller.FfmpegController.playStream(java.lang.String)
===2019-07-24 16:09:08.939 INFO  org.springframework.web.servlet.mvc.method.annotation.RequestMappingHandlerMapping Line:548 - Mapped "{[/screenshot],methods=[POST]}" onto public com.xsmart.camera.http.CameraResponse com.xsmart.camera.controller.FfmpegController.screenshot(java.lang.String)
===2019-07-24 16:09:08.941 INFO  org.springframework.web.servlet.mvc.method.annotation.RequestMappingHandlerMapping Line:548 - Mapped "{[/startPushStream/{streamPath}/{provider}/{deviceId}],methods=[POST]}" onto public void com.xsmart.camera.controller.FfmpegController.startPushStream(java.lang.String,java.lang.String,java.lang.String)
===2019-07-24 16:09:08.942 INFO  org.springframework.web.servlet.mvc.method.annotation.RequestMappingHandlerMapping Line:548 - Mapped "{[/startRecordWithTs],methods=[POST]}" onto public com.xsmart.camera.http.CameraResponse com.xsmart.camera.controller.FfmpegController.startRecordWithTs(java.lang.String)
===2019-07-24 16:09:08.947 INFO  org.springframework.web.servlet.mvc.method.annotation.RequestMappingHandlerMapping Line:548 - Mapped "{[/srs/callback/onplay],methods=[POST]}" onto public int com.xsmart.camera.controller.SrsCallbackController.onplay(java.lang.String)
===2019-07-24 16:09:08.948 INFO  org.springframework.web.servlet.mvc.method.annotation.RequestMappingHandlerMapping Line:548 - Mapped "{[/srs/callback/onpublish],methods=[POST]}" onto public int com.xsmart.camera.controller.SrsCallbackController.onpublish(java.lang.String)
===2019-07-24 16:09:08.948 INFO  org.springframework.web.servlet.mvc.method.annotation.RequestMappingHandlerMapping Line:548 - Mapped "{[/srs/callback/onstop],methods=[POST]}" onto public int com.xsmart.camera.controller.SrsCallbackController.onstop(java.lang.String)
===2019-07-24 16:09:08.949 INFO  org.springframework.web.servlet.mvc.method.annotation.RequestMappingHandlerMapping Line:548 - Mapped "{[/srs/callback/onconnect],methods=[POST]}" onto public int com.xsmart.camera.controller.SrsCallbackController.onconnect(java.lang.String)
===2019-07-24 16:09:08.949 INFO  org.springframework.web.servlet.mvc.method.annotation.RequestMappingHandlerMapping Line:548 - Mapped "{[/srs/callback/onclose],methods=[POST]}" onto public int com.xsmart.camera.controller.SrsCallbackController.onclose(java.lang.String)
===2019-07-24 16:09:08.950 INFO  org.springframework.web.servlet.mvc.method.annotation.RequestMappingHandlerMapping Line:548 - Mapped "{[/srs/callback/onunpublish],methods=[POST]}" onto public int com.xsmart.camera.controller.SrsCallbackController.onunpublish(java.lang.String)
===2019-07-24 16:09:08.951 INFO  org.springframework.web.servlet.mvc.method.annotation.RequestMappingHandlerMapping Line:548 - Mapped "{[/srs/callback/ondvr],methods=[POST]}" onto public int com.xsmart.camera.controller.SrsCallbackController.ondvr(java.lang.String)
===2019-07-24 16:09:08.956 INFO  org.springframework.web.servlet.mvc.method.annotation.RequestMappingHandlerMapping Line:548 - Mapped "{[/srs/versions],methods=[GET]}" onto public java.lang.String com.xsmart.camera.controller.SrsController.getVersions()
===2019-07-24 16:09:08.957 INFO  org.springframework.web.servlet.mvc.method.annotation.RequestMappingHandlerMapping Line:548 - Mapped "{[/srs/features],methods=[GET]}" onto public java.lang.String com.xsmart.camera.controller.SrsController.getFeatures()
===2019-07-24 16:09:08.957 INFO  org.springframework.web.servlet.mvc.method.annotation.RequestMappingHandlerMapping Line:548 - Mapped "{[/srs/configs],methods=[GET]}" onto public java.lang.String com.xsmart.camera.controller.SrsController.getConfigs()
===2019-07-24 16:09:08.958 INFO  org.springframework.web.servlet.mvc.method.annotation.RequestMappingHandlerMapping Line:548 - Mapped "{[/srs/self_proc_stats],methods=[GET]}" onto public java.lang.String com.xsmart.camera.controller.SrsController.getselfProcStats()
===2019-07-24 16:09:08.958 INFO  org.springframework.web.servlet.mvc.method.annotation.RequestMappingHandlerMapping Line:548 - Mapped "{[/srs/authors],methods=[GET]}" onto public java.lang.String com.xsmart.camera.controller.SrsController.getAuthors()
===2019-07-24 16:09:08.959 INFO  org.springframework.web.servlet.mvc.method.annotation.RequestMappingHandlerMapping Line:548 - Mapped "{[/srs/streams],methods=[GET]}" onto public java.lang.String com.xsmart.camera.controller.SrsController.getStreams()
===2019-07-24 16:09:08.960 INFO  org.springframework.web.servlet.mvc.method.annotation.RequestMappingHandlerMapping Line:548 - Mapped "{[/srs/clients],methods=[GET]}" onto public java.lang.String com.xsmart.camera.controller.SrsController.getClients()
===2019-07-24 16:09:08.960 INFO  org.springframework.web.servlet.mvc.method.annotation.RequestMappingHandlerMapping Line:548 - Mapped "{[/srs/rusages],methods=[GET]}" onto public java.lang.String com.xsmart.camera.controller.SrsController.getRusages()
===2019-07-24 16:09:08.961 INFO  org.springframework.web.servlet.mvc.method.annotation.RequestMappingHandlerMapping Line:548 - Mapped "{[/srs/requests],methods=[GET]}" onto public java.lang.String com.xsmart.camera.controller.SrsController.getRequests()
===2019-07-24 16:09:08.961 INFO  org.springframework.web.servlet.mvc.method.annotation.RequestMappingHandlerMapping Line:548 - Mapped "{[/srs/summaries],methods=[GET]}" onto public java.lang.String com.xsmart.camera.controller.SrsController.getSummaries()
===2019-07-24 16:09:08.962 INFO  org.springframework.web.servlet.mvc.method.annotation.RequestMappingHandlerMapping Line:548 - Mapped "{[/srs/meminfos],methods=[GET]}" onto public java.lang.String com.xsmart.camera.controller.SrsController.getMeminfos()
===2019-07-24 16:09:08.962 INFO  org.springframework.web.servlet.mvc.method.annotation.RequestMappingHandlerMapping Line:548 - Mapped "{[/srs/system_proc_stats],methods=[GET]}" onto public java.lang.String com.xsmart.camera.controller.SrsController.getSystemProcStats()
===2019-07-24 16:09:08.963 INFO  org.springframework.web.servlet.mvc.method.annotation.RequestMappingHandlerMapping Line:548 - Mapped "{[/linux/commandcall/{command}],methods=[GET]}" onto public void com.xsmart.camera.controller.SystemCommandController.commandcall(java.lang.String)
===2019-07-24 16:09:08.968 INFO  org.springframework.web.servlet.mvc.method.annotation.RequestMappingHandlerMapping Line:548 - Mapped "{[/error]}" onto public org.springframework.http.ResponseEntity<java.util.Map<java.lang.String, java.lang.Object>> org.springframework.boot.autoconfigure.web.servlet.error.BasicErrorController.error(javax.servlet.http.HttpServletRequest)
===2019-07-24 16:09:08.969 INFO  org.springframework.web.servlet.mvc.method.annotation.RequestMappingHandlerMapping Line:548 - Mapped "{[/error],produces=[text/html]}" onto public org.springframework.web.servlet.ModelAndView org.springframework.boot.autoconfigure.web.servlet.error.BasicErrorController.errorHtml(javax.servlet.http.HttpServletRequest,javax.servlet.http.HttpServletResponse)
===2019-07-24 16:09:09.183 INFO  org.springframework.web.servlet.handler.SimpleUrlHandlerMapping Line:373 - Mapped URL path [/webjars/**] onto handler of type [class org.springframework.web.servlet.resource.ResourceHttpRequestHandler]
===2019-07-24 16:09:09.184 INFO  org.springframework.web.servlet.handler.SimpleUrlHandlerMapping Line:373 - Mapped URL path [/**] onto handler of type [class org.springframework.web.servlet.resource.ResourceHttpRequestHandler]
===2019-07-24 16:09:09.373 INFO  org.springframework.web.servlet.handler.SimpleUrlHandlerMapping Line:373 - Mapped URL path [/**/favicon.ico] onto handler of type [class org.springframework.web.servlet.resource.ResourceHttpRequestHandler]
===2019-07-24 16:09:10.286 INFO  org.springframework.jmx.export.annotation.AnnotationMBeanExporter Line:434 - Registering beans for JMX exposure on startup
===2019-07-24 16:09:10.289 INFO  org.springframework.jmx.export.annotation.AnnotationMBeanExporter Line:896 - Bean with name 'dataSource' has been autodetected for JMX exposure
===2019-07-24 16:09:10.297 INFO  org.springframework.jmx.export.annotation.AnnotationMBeanExporter Line:669 - Located MBean 'dataSource': registering with JMX server as MBean [com.zaxxer.hikari:name=dataSource,type=HikariDataSource]
===2019-07-24 16:09:10.316 INFO  org.apache.coyote.http11.Http11NioProtocol Line:180 - Starting ProtocolHandler ["http-nio-8001"]
===2019-07-24 16:09:10.337 INFO  org.apache.tomcat.util.net.NioSelectorPool Line:180 - Using a shared selector for servlet write/read
===2019-07-24 16:09:10.369 INFO  org.springframework.boot.web.embedded.tomcat.TomcatWebServer Line:205 - Tomcat started on port(s): 8001 (http) with context path '/godeye'
===2019-07-24 16:09:10.377 INFO  com.xsmart.camera.GodeyeStart Line:59  - Started GodeyeStart in 8.607 seconds (JVM running for 14.276)
===2019-07-24 16:09:21.216 INFO  com.xsmart.camera.service.CameraServiceImpl Line:45  - begin init all camera
===2019-07-24 16:09:46.648 INFO  org.springframework.boot.web.servlet.context.AnnotationConfigServletWebServerApplicationContext Line:989 - Closing org.springframework.boot.web.servlet.context.AnnotationConfigServletWebServerApplicationContext@63dd899: startup date [Wed Jul 24 16:09:02 CST 2019]; root of context hierarchy
===2019-07-24 16:09:46.662 INFO  org.springframework.jmx.export.annotation.AnnotationMBeanExporter Line:452 - Unregistering JMX-exposed beans on shutdown
===2019-07-24 16:09:46.663 INFO  org.springframework.jmx.export.annotation.AnnotationMBeanExporter Line:183 - Unregistering JMX-exposed beans
===2019-07-24 16:17:40.506 INFO  com.xsmart.camera.GodeyeStart Line:50  - Starting GodeyeStart on DESKTOP-MB4R5RL with PID 19308 (D:\IDEAWorkSpace\other\godeye\target\classes started by Think in D:\IDEAWorkSpace\other\godeye)
===2019-07-24 16:17:40.519 INFO  com.xsmart.camera.GodeyeStart Line:652 - No active profile set, falling back to default profiles: default
===2019-07-24 16:17:40.645 INFO  org.springframework.boot.web.servlet.context.AnnotationConfigServletWebServerApplicationContext Line:589 - Refreshing org.springframework.boot.web.servlet.context.AnnotationConfigServletWebServerApplicationContext@47c4ecdc: startup date [Wed Jul 24 16:17:40 CST 2019]; root of context hierarchy
===2019-07-24 16:17:41.691 INFO  org.springframework.beans.factory.support.DefaultListableBeanFactory Line:824 - Overriding bean definition for bean 'dataSource' with a different definition: replacing [Root bean: class [null]; scope=; abstract=false; lazyInit=false; autowireMode=3; dependencyCheck=0; autowireCandidate=true; primary=false; factoryBeanName=org.springframework.boot.autoconfigure.jdbc.DataSourceConfiguration$Tomcat; factoryMethodName=dataSource; initMethodName=null; destroyMethodName=(inferred); defined in class path resource [org/springframework/boot/autoconfigure/jdbc/DataSourceConfiguration$Tomcat.class]] with [Root bean: class [null]; scope=; abstract=false; lazyInit=false; autowireMode=3; dependencyCheck=0; autowireCandidate=true; primary=false; factoryBeanName=org.springframework.boot.autoconfigure.jdbc.DataSourceConfiguration$Hikari; factoryMethodName=dataSource; initMethodName=null; destroyMethodName=(inferred); defined in class path resource [org/springframework/boot/autoconfigure/jdbc/DataSourceConfiguration$Hikari.class]]
===2019-07-24 16:17:42.934 INFO  org.springframework.boot.web.embedded.tomcat.TomcatWebServer Line:91  - Tomcat initialized with port(s): 8001 (http)
===2019-07-24 16:17:42.952 INFO  org.apache.coyote.http11.Http11NioProtocol Line:180 - Initializing ProtocolHandler ["http-nio-8001"]
===2019-07-24 16:17:42.965 INFO  org.apache.catalina.core.StandardService Line:180 - Starting service [Tomcat]
===2019-07-24 16:17:42.966 INFO  org.apache.catalina.core.StandardEngine Line:180 - Starting Servlet Engine: Apache Tomcat/8.5.28
===2019-07-24 16:17:42.973 INFO  org.apache.catalina.core.AprLifecycleListener Line:180 - Loaded APR based Apache Tomcat Native library [1.2.16] using APR version [1.6.3].
===2019-07-24 16:17:42.973 INFO  org.apache.catalina.core.AprLifecycleListener Line:180 - APR capabilities: IPv6 [true], sendfile [true], accept filters [false], random [true].
===2019-07-24 16:17:42.973 INFO  org.apache.catalina.core.AprLifecycleListener Line:180 - APR/OpenSSL configuration: useAprConnector [false], useOpenSSL [true]
===2019-07-24 16:17:44.103 INFO  org.apache.catalina.core.AprLifecycleListener Line:180 - OpenSSL successfully initialized [OpenSSL 1.0.2m  2 Nov 2017]
===2019-07-24 16:17:44.265 INFO  org.apache.catalina.core.ContainerBase.[Tomcat].[localhost].[/godeye] Line:180 - Initializing Spring embedded WebApplicationContext
===2019-07-24 16:17:44.265 INFO  org.springframework.web.context.ContextLoader Line:285 - Root WebApplicationContext: initialization completed in 3620 ms
===2019-07-24 16:17:44.666 INFO  org.springframework.boot.web.servlet.ServletRegistrationBean Line:185 - Servlet dispatcherServlet mapped to [/]
===2019-07-24 16:17:44.675 INFO  org.springframework.boot.web.servlet.FilterRegistrationBean Line:243 - Mapping filter: 'characterEncodingFilter' to: [/*]
===2019-07-24 16:17:44.676 INFO  org.springframework.boot.web.servlet.FilterRegistrationBean Line:243 - Mapping filter: 'hiddenHttpMethodFilter' to: [/*]
===2019-07-24 16:17:44.676 INFO  org.springframework.boot.web.servlet.FilterRegistrationBean Line:243 - Mapping filter: 'httpPutFormContentFilter' to: [/*]
===2019-07-24 16:17:44.676 INFO  org.springframework.boot.web.servlet.FilterRegistrationBean Line:243 - Mapping filter: 'requestContextFilter' to: [/*]
===2019-07-24 16:17:46.176 INFO  org.springframework.web.servlet.mvc.method.annotation.RequestMappingHandlerAdapter Line:567 - Looking for @ControllerAdvice: org.springframework.boot.web.servlet.context.AnnotationConfigServletWebServerApplicationContext@47c4ecdc: startup date [Wed Jul 24 16:17:40 CST 2019]; root of context hierarchy
===2019-07-24 16:17:46.354 INFO  org.springframework.web.servlet.mvc.method.annotation.RequestMappingHandlerMapping Line:548 - Mapped "{[/replay/broadcast],methods=[POST]}" onto public com.xsmart.camera.http.CameraResponse com.xsmart.camera.controller.CameraController.broadcast(java.lang.String)
===2019-07-24 16:17:46.356 INFO  org.springframework.web.servlet.mvc.method.annotation.RequestMappingHandlerMapping Line:548 - Mapped "{[/replay/stored],methods=[GET]}" onto public com.xsmart.camera.http.CameraResponse com.xsmart.camera.controller.CameraController.stored()
===2019-07-24 16:17:46.357 INFO  org.springframework.web.servlet.mvc.method.annotation.RequestMappingHandlerMapping Line:548 - Mapped "{[/replay/set],methods=[POST]}" onto public com.xsmart.camera.http.CameraResponse com.xsmart.camera.controller.CameraController.replaySet(java.lang.String,javax.servlet.http.HttpServletRequest)
===2019-07-24 16:17:46.358 INFO  org.springframework.web.servlet.mvc.method.annotation.RequestMappingHandlerMapping Line:548 - Mapped "{[/callback/record],methods=[POST]}" onto public java.lang.String com.xsmart.camera.controller.CameraController.callbackRecord(java.lang.String)
===2019-07-24 16:17:46.359 INFO  org.springframework.web.servlet.mvc.method.annotation.RequestMappingHandlerMapping Line:548 - Mapped "{[/startRecordWithTs],methods=[POST]}" onto public com.xsmart.camera.http.CameraResponse com.xsmart.camera.controller.FfmpegController.startRecordWithTs(java.lang.String)
===2019-07-24 16:17:46.360 INFO  org.springframework.web.servlet.mvc.method.annotation.RequestMappingHandlerMapping Line:548 - Mapped "{[/screenshot],methods=[POST]}" onto public com.xsmart.camera.http.CameraResponse com.xsmart.camera.controller.FfmpegController.screenshot(java.lang.String)
===2019-07-24 16:17:46.361 INFO  org.springframework.web.servlet.mvc.method.annotation.RequestMappingHandlerMapping Line:548 - Mapped "{[/startRecord],methods=[POST]}" onto public com.xsmart.camera.http.CameraResponse com.xsmart.camera.controller.FfmpegController.startRecord(java.lang.String)
===2019-07-24 16:17:46.361 INFO  org.springframework.web.servlet.mvc.method.annotation.RequestMappingHandlerMapping Line:548 - Mapped "{[/playStream],methods=[POST]}" onto public com.xsmart.camera.http.CameraResponse com.xsmart.camera.controller.FfmpegController.playStream(java.lang.String)
===2019-07-24 16:17:46.362 INFO  org.springframework.web.servlet.mvc.method.annotation.RequestMappingHandlerMapping Line:548 - Mapped "{[/startPushStream/{streamPath}/{provider}/{deviceId}],methods=[POST]}" onto public void com.xsmart.camera.controller.FfmpegController.startPushStream(java.lang.String,java.lang.String,java.lang.String)
===2019-07-24 16:17:46.368 INFO  org.springframework.web.servlet.mvc.method.annotation.RequestMappingHandlerMapping Line:548 - Mapped "{[/srs/callback/onclose],methods=[POST]}" onto public int com.xsmart.camera.controller.SrsCallbackController.onclose(java.lang.String)
===2019-07-24 16:17:46.368 INFO  org.springframework.web.servlet.mvc.method.annotation.RequestMappingHandlerMapping Line:548 - Mapped "{[/srs/callback/onplay],methods=[POST]}" onto public int com.xsmart.camera.controller.SrsCallbackController.onplay(java.lang.String)
===2019-07-24 16:17:46.369 INFO  org.springframework.web.servlet.mvc.method.annotation.RequestMappingHandlerMapping Line:548 - Mapped "{[/srs/callback/onunpublish],methods=[POST]}" onto public int com.xsmart.camera.controller.SrsCallbackController.onunpublish(java.lang.String)
===2019-07-24 16:17:46.370 INFO  org.springframework.web.servlet.mvc.method.annotation.RequestMappingHandlerMapping Line:548 - Mapped "{[/srs/callback/onconnect],methods=[POST]}" onto public int com.xsmart.camera.controller.SrsCallbackController.onconnect(java.lang.String)
===2019-07-24 16:17:46.370 INFO  org.springframework.web.servlet.mvc.method.annotation.RequestMappingHandlerMapping Line:548 - Mapped "{[/srs/callback/onpublish],methods=[POST]}" onto public int com.xsmart.camera.controller.SrsCallbackController.onpublish(java.lang.String)
===2019-07-24 16:17:46.371 INFO  org.springframework.web.servlet.mvc.method.annotation.RequestMappingHandlerMapping Line:548 - Mapped "{[/srs/callback/onstop],methods=[POST]}" onto public int com.xsmart.camera.controller.SrsCallbackController.onstop(java.lang.String)
===2019-07-24 16:17:46.371 INFO  org.springframework.web.servlet.mvc.method.annotation.RequestMappingHandlerMapping Line:548 - Mapped "{[/srs/callback/ondvr],methods=[POST]}" onto public int com.xsmart.camera.controller.SrsCallbackController.ondvr(java.lang.String)
===2019-07-24 16:17:46.377 INFO  org.springframework.web.servlet.mvc.method.annotation.RequestMappingHandlerMapping Line:548 - Mapped "{[/srs/versions],methods=[GET]}" onto public java.lang.String com.xsmart.camera.controller.SrsController.getVersions()
===2019-07-24 16:17:46.378 INFO  org.springframework.web.servlet.mvc.method.annotation.RequestMappingHandlerMapping Line:548 - Mapped "{[/srs/features],methods=[GET]}" onto public java.lang.String com.xsmart.camera.controller.SrsController.getFeatures()
===2019-07-24 16:17:46.378 INFO  org.springframework.web.servlet.mvc.method.annotation.RequestMappingHandlerMapping Line:548 - Mapped "{[/srs/system_proc_stats],methods=[GET]}" onto public java.lang.String com.xsmart.camera.controller.SrsController.getSystemProcStats()
===2019-07-24 16:17:46.379 INFO  org.springframework.web.servlet.mvc.method.annotation.RequestMappingHandlerMapping Line:548 - Mapped "{[/srs/clients],methods=[GET]}" onto public java.lang.String com.xsmart.camera.controller.SrsController.getClients()
===2019-07-24 16:17:46.380 INFO  org.springframework.web.servlet.mvc.method.annotation.RequestMappingHandlerMapping Line:548 - Mapped "{[/srs/summaries],methods=[GET]}" onto public java.lang.String com.xsmart.camera.controller.SrsController.getSummaries()
===2019-07-24 16:17:46.380 INFO  org.springframework.web.servlet.mvc.method.annotation.RequestMappingHandlerMapping Line:548 - Mapped "{[/srs/rusages],methods=[GET]}" onto public java.lang.String com.xsmart.camera.controller.SrsController.getRusages()
===2019-07-24 16:17:46.381 INFO  org.springframework.web.servlet.mvc.method.annotation.RequestMappingHandlerMapping Line:548 - Mapped "{[/srs/self_proc_stats],methods=[GET]}" onto public java.lang.String com.xsmart.camera.controller.SrsController.getselfProcStats()
===2019-07-24 16:17:46.381 INFO  org.springframework.web.servlet.mvc.method.annotation.RequestMappingHandlerMapping Line:548 - Mapped "{[/srs/meminfos],methods=[GET]}" onto public java.lang.String com.xsmart.camera.controller.SrsController.getMeminfos()
===2019-07-24 16:17:46.382 INFO  org.springframework.web.servlet.mvc.method.annotation.RequestMappingHandlerMapping Line:548 - Mapped "{[/srs/authors],methods=[GET]}" onto public java.lang.String com.xsmart.camera.controller.SrsController.getAuthors()
===2019-07-24 16:17:46.382 INFO  org.springframework.web.servlet.mvc.method.annotation.RequestMappingHandlerMapping Line:548 - Mapped "{[/srs/requests],methods=[GET]}" onto public java.lang.String com.xsmart.camera.controller.SrsController.getRequests()
===2019-07-24 16:17:46.383 INFO  org.springframework.web.servlet.mvc.method.annotation.RequestMappingHandlerMapping Line:548 - Mapped "{[/srs/configs],methods=[GET]}" onto public java.lang.String com.xsmart.camera.controller.SrsController.getConfigs()
===2019-07-24 16:17:46.383 INFO  org.springframework.web.servlet.mvc.method.annotation.RequestMappingHandlerMapping Line:548 - Mapped "{[/srs/streams],methods=[GET]}" onto public java.lang.String com.xsmart.camera.controller.SrsController.getStreams()
===2019-07-24 16:17:46.385 INFO  org.springframework.web.servlet.mvc.method.annotation.RequestMappingHandlerMapping Line:548 - Mapped "{[/linux/commandcall/{command}],methods=[GET]}" onto public void com.xsmart.camera.controller.SystemCommandController.commandcall(java.lang.String)
===2019-07-24 16:17:46.393 INFO  org.springframework.web.servlet.mvc.method.annotation.RequestMappingHandlerMapping Line:548 - Mapped "{[/error]}" onto public org.springframework.http.ResponseEntity<java.util.Map<java.lang.String, java.lang.Object>> org.springframework.boot.autoconfigure.web.servlet.error.BasicErrorController.error(javax.servlet.http.HttpServletRequest)
===2019-07-24 16:17:46.395 INFO  org.springframework.web.servlet.mvc.method.annotation.RequestMappingHandlerMapping Line:548 - Mapped "{[/error],produces=[text/html]}" onto public org.springframework.web.servlet.ModelAndView org.springframework.boot.autoconfigure.web.servlet.error.BasicErrorController.errorHtml(javax.servlet.http.HttpServletRequest,javax.servlet.http.HttpServletResponse)
===2019-07-24 16:17:46.648 INFO  org.springframework.web.servlet.handler.SimpleUrlHandlerMapping Line:373 - Mapped URL path [/webjars/**] onto handler of type [class org.springframework.web.servlet.resource.ResourceHttpRequestHandler]
===2019-07-24 16:17:46.648 INFO  org.springframework.web.servlet.handler.SimpleUrlHandlerMapping Line:373 - Mapped URL path [/**] onto handler of type [class org.springframework.web.servlet.resource.ResourceHttpRequestHandler]
===2019-07-24 16:17:46.846 INFO  org.springframework.web.servlet.handler.SimpleUrlHandlerMapping Line:373 - Mapped URL path [/**/favicon.ico] onto handler of type [class org.springframework.web.servlet.resource.ResourceHttpRequestHandler]
===2019-07-24 16:17:47.673 INFO  org.springframework.jmx.export.annotation.AnnotationMBeanExporter Line:434 - Registering beans for JMX exposure on startup
===2019-07-24 16:17:47.676 INFO  org.springframework.jmx.export.annotation.AnnotationMBeanExporter Line:896 - Bean with name 'dataSource' has been autodetected for JMX exposure
===2019-07-24 16:17:47.692 INFO  org.springframework.jmx.export.annotation.AnnotationMBeanExporter Line:669 - Located MBean 'dataSource': registering with JMX server as MBean [com.zaxxer.hikari:name=dataSource,type=HikariDataSource]
===2019-07-24 16:17:47.716 INFO  org.apache.coyote.http11.Http11NioProtocol Line:180 - Starting ProtocolHandler ["http-nio-8001"]
===2019-07-24 16:17:47.750 INFO  org.apache.tomcat.util.net.NioSelectorPool Line:180 - Using a shared selector for servlet write/read
===2019-07-24 16:17:47.975 INFO  org.springframework.boot.web.embedded.tomcat.TomcatWebServer Line:205 - Tomcat started on port(s): 8001 (http) with context path '/godeye'
===2019-07-24 16:17:47.980 INFO  com.xsmart.camera.GodeyeStart Line:59  - Started GodeyeStart in 8.458 seconds (JVM running for 13.135)
===2019-07-24 16:17:50.112 INFO  com.xsmart.camera.service.CameraServiceImpl Line:45  - begin init all camera
===2019-07-24 16:17:51.058 INFO  com.zaxxer.hikari.HikariDataSource Line:110 - HikariPool-1 - Starting...
===2019-07-24 16:17:51.733 INFO  com.zaxxer.hikari.pool.PoolBase Line:516 - HikariPool-1 - Driver does not support get/set network timeout for connections. (oracle.jdbc.driver.T4CConnection.getNetworkTimeout()I)
===2019-07-24 16:17:51.769 INFO  com.zaxxer.hikari.HikariDataSource Line:123 - HikariPool-1 - Start completed.
===2019-07-24 16:19:46.512 INFO  com.xsmart.camera.service.CameraServiceImpl Line:54  - camera onepiece replay is on,and start push stream and stored task 
===2019-07-24 16:19:46.528 INFO  com.xsmart.camera.GodeyeStart Line:26  - =================================
===2019-07-24 16:19:46.528 INFO  com.xsmart.camera.GodeyeStart Line:27  - =================================
===2019-07-24 16:19:46.528 INFO  com.xsmart.camera.GodeyeStart Line:28  - =====godeye start completed======
===2019-07-24 16:19:46.528 INFO  com.xsmart.camera.GodeyeStart Line:29  - =================================
===2019-07-24 16:19:46.529 INFO  com.xsmart.camera.GodeyeStart Line:30  - =================================
===2019-07-24 16:19:46.633 INFO  org.springframework.boot.web.servlet.context.AnnotationConfigServletWebServerApplicationContext Line:989 - Closing org.springframework.boot.web.servlet.context.AnnotationConfigServletWebServerApplicationContext@47c4ecdc: startup date [Wed Jul 24 16:17:40 CST 2019]; root of context hierarchy
===2019-07-24 16:19:46.642 INFO  org.springframework.jmx.export.annotation.AnnotationMBeanExporter Line:452 - Unregistering JMX-exposed beans on shutdown
===2019-07-24 16:19:46.644 INFO  org.springframework.jmx.export.annotation.AnnotationMBeanExporter Line:183 - Unregistering JMX-exposed beans
===2019-07-24 16:19:46.646 INFO  com.zaxxer.hikari.HikariDataSource Line:381 - HikariPool-1 - Shutdown initiated...
===2019-07-24 16:19:46.770 INFO  com.zaxxer.hikari.HikariDataSource Line:383 - HikariPool-1 - Shutdown completed.
===2019-07-24 16:48:49.912 INFO  com.xsmart.camera.GodeyeStart Line:50  - Starting GodeyeStart on DESKTOP-MB4R5RL with PID 204 (D:\IDEAWorkSpace\other\godeye\target\classes started by Think in D:\IDEAWorkSpace\other\godeye)
===2019-07-24 16:48:49.923 INFO  com.xsmart.camera.GodeyeStart Line:652 - No active profile set, falling back to default profiles: default
===2019-07-24 16:48:50.039 INFO  org.springframework.boot.web.servlet.context.AnnotationConfigServletWebServerApplicationContext Line:589 - Refreshing org.springframework.boot.web.servlet.context.AnnotationConfigServletWebServerApplicationContext@14d14731: startup date [Wed Jul 24 16:48:50 CST 2019]; root of context hierarchy
===2019-07-24 16:48:51.235 INFO  org.springframework.beans.factory.support.DefaultListableBeanFactory Line:824 - Overriding bean definition for bean 'dataSource' with a different definition: replacing [Root bean: class [null]; scope=; abstract=false; lazyInit=false; autowireMode=3; dependencyCheck=0; autowireCandidate=true; primary=false; factoryBeanName=org.springframework.boot.autoconfigure.jdbc.DataSourceConfiguration$Tomcat; factoryMethodName=dataSource; initMethodName=null; destroyMethodName=(inferred); defined in class path resource [org/springframework/boot/autoconfigure/jdbc/DataSourceConfiguration$Tomcat.class]] with [Root bean: class [null]; scope=; abstract=false; lazyInit=false; autowireMode=3; dependencyCheck=0; autowireCandidate=true; primary=false; factoryBeanName=org.springframework.boot.autoconfigure.jdbc.DataSourceConfiguration$Hikari; factoryMethodName=dataSource; initMethodName=null; destroyMethodName=(inferred); defined in class path resource [org/springframework/boot/autoconfigure/jdbc/DataSourceConfiguration$Hikari.class]]
===2019-07-24 16:48:53.028 INFO  org.springframework.boot.web.embedded.tomcat.TomcatWebServer Line:91  - Tomcat initialized with port(s): 8001 (http)
===2019-07-24 16:48:53.053 INFO  org.apache.coyote.http11.Http11NioProtocol Line:180 - Initializing ProtocolHandler ["http-nio-8001"]
===2019-07-24 16:48:53.070 INFO  org.apache.catalina.core.StandardService Line:180 - Starting service [Tomcat]
===2019-07-24 16:48:53.071 INFO  org.apache.catalina.core.StandardEngine Line:180 - Starting Servlet Engine: Apache Tomcat/8.5.28
===2019-07-24 16:48:53.082 INFO  org.apache.catalina.core.AprLifecycleListener Line:180 - Loaded APR based Apache Tomcat Native library [1.2.16] using APR version [1.6.3].
===2019-07-24 16:48:53.082 INFO  org.apache.catalina.core.AprLifecycleListener Line:180 - APR capabilities: IPv6 [true], sendfile [true], accept filters [false], random [true].
===2019-07-24 16:48:53.083 INFO  org.apache.catalina.core.AprLifecycleListener Line:180 - APR/OpenSSL configuration: useAprConnector [false], useOpenSSL [true]
===2019-07-24 16:48:54.260 INFO  org.apache.catalina.core.AprLifecycleListener Line:180 - OpenSSL successfully initialized [OpenSSL 1.0.2m  2 Nov 2017]
===2019-07-24 16:48:54.437 INFO  org.apache.catalina.core.ContainerBase.[Tomcat].[localhost].[/godeye] Line:180 - Initializing Spring embedded WebApplicationContext
===2019-07-24 16:48:54.438 INFO  org.springframework.web.context.ContextLoader Line:285 - Root WebApplicationContext: initialization completed in 4399 ms
===2019-07-24 16:48:54.926 INFO  org.springframework.boot.web.servlet.ServletRegistrationBean Line:185 - Servlet dispatcherServlet mapped to [/]
===2019-07-24 16:48:54.934 INFO  org.springframework.boot.web.servlet.FilterRegistrationBean Line:243 - Mapping filter: 'characterEncodingFilter' to: [/*]
===2019-07-24 16:48:54.936 INFO  org.springframework.boot.web.servlet.FilterRegistrationBean Line:243 - Mapping filter: 'hiddenHttpMethodFilter' to: [/*]
===2019-07-24 16:48:54.937 INFO  org.springframework.boot.web.servlet.FilterRegistrationBean Line:243 - Mapping filter: 'httpPutFormContentFilter' to: [/*]
===2019-07-24 16:48:54.938 INFO  org.springframework.boot.web.servlet.FilterRegistrationBean Line:243 - Mapping filter: 'requestContextFilter' to: [/*]
===2019-07-24 16:48:56.991 INFO  org.springframework.web.servlet.mvc.method.annotation.RequestMappingHandlerAdapter Line:567 - Looking for @ControllerAdvice: org.springframework.boot.web.servlet.context.AnnotationConfigServletWebServerApplicationContext@14d14731: startup date [Wed Jul 24 16:48:50 CST 2019]; root of context hierarchy
===2019-07-24 16:48:57.231 INFO  org.springframework.web.servlet.mvc.method.annotation.RequestMappingHandlerMapping Line:548 - Mapped "{[/replay/broadcast],methods=[POST]}" onto public com.xsmart.camera.http.CameraResponse com.xsmart.camera.controller.CameraController.broadcast(java.lang.String)
===2019-07-24 16:48:57.233 INFO  org.springframework.web.servlet.mvc.method.annotation.RequestMappingHandlerMapping Line:548 - Mapped "{[/callback/record],methods=[POST]}" onto public java.lang.String com.xsmart.camera.controller.CameraController.callbackRecord(java.lang.String)
===2019-07-24 16:48:57.233 INFO  org.springframework.web.servlet.mvc.method.annotation.RequestMappingHandlerMapping Line:548 - Mapped "{[/replay/stored],methods=[GET]}" onto public com.xsmart.camera.http.CameraResponse com.xsmart.camera.controller.CameraController.stored()
===2019-07-24 16:48:57.234 INFO  org.springframework.web.servlet.mvc.method.annotation.RequestMappingHandlerMapping Line:548 - Mapped "{[/replay/set],methods=[POST]}" onto public com.xsmart.camera.http.CameraResponse com.xsmart.camera.controller.CameraController.replaySet(java.lang.String,javax.servlet.http.HttpServletRequest)
===2019-07-24 16:48:57.236 INFO  org.springframework.web.servlet.mvc.method.annotation.RequestMappingHandlerMapping Line:548 - Mapped "{[/startRecord],methods=[POST]}" onto public com.xsmart.camera.http.CameraResponse com.xsmart.camera.controller.FfmpegController.startRecord(java.lang.String)
===2019-07-24 16:48:57.238 INFO  org.springframework.web.servlet.mvc.method.annotation.RequestMappingHandlerMapping Line:548 - Mapped "{[/screenshot],methods=[POST]}" onto public com.xsmart.camera.http.CameraResponse com.xsmart.camera.controller.FfmpegController.screenshot(java.lang.String)
===2019-07-24 16:48:57.238 INFO  org.springframework.web.servlet.mvc.method.annotation.RequestMappingHandlerMapping Line:548 - Mapped "{[/startPushStream/{streamPath}/{provider}/{deviceId}],methods=[POST]}" onto public void com.xsmart.camera.controller.FfmpegController.startPushStream(java.lang.String,java.lang.String,java.lang.String)
===2019-07-24 16:48:57.239 INFO  org.springframework.web.servlet.mvc.method.annotation.RequestMappingHandlerMapping Line:548 - Mapped "{[/playStream],methods=[POST]}" onto public com.xsmart.camera.http.CameraResponse com.xsmart.camera.controller.FfmpegController.playStream(java.lang.String)
===2019-07-24 16:48:57.240 INFO  org.springframework.web.servlet.mvc.method.annotation.RequestMappingHandlerMapping Line:548 - Mapped "{[/startRecordWithTs],methods=[POST]}" onto public com.xsmart.camera.http.CameraResponse com.xsmart.camera.controller.FfmpegController.startRecordWithTs(java.lang.String)
===2019-07-24 16:48:57.247 INFO  org.springframework.web.servlet.mvc.method.annotation.RequestMappingHandlerMapping Line:548 - Mapped "{[/srs/callback/ondvr],methods=[POST]}" onto public int com.xsmart.camera.controller.SrsCallbackController.ondvr(java.lang.String)
===2019-07-24 16:48:57.248 INFO  org.springframework.web.servlet.mvc.method.annotation.RequestMappingHandlerMapping Line:548 - Mapped "{[/srs/callback/onstop],methods=[POST]}" onto public int com.xsmart.camera.controller.SrsCallbackController.onstop(java.lang.String)
===2019-07-24 16:48:57.249 INFO  org.springframework.web.servlet.mvc.method.annotation.RequestMappingHandlerMapping Line:548 - Mapped "{[/srs/callback/onunpublish],methods=[POST]}" onto public int com.xsmart.camera.controller.SrsCallbackController.onunpublish(java.lang.String)
===2019-07-24 16:48:57.249 INFO  org.springframework.web.servlet.mvc.method.annotation.RequestMappingHandlerMapping Line:548 - Mapped "{[/srs/callback/onplay],methods=[POST]}" onto public int com.xsmart.camera.controller.SrsCallbackController.onplay(java.lang.String)
===2019-07-24 16:48:57.250 INFO  org.springframework.web.servlet.mvc.method.annotation.RequestMappingHandlerMapping Line:548 - Mapped "{[/srs/callback/onconnect],methods=[POST]}" onto public int com.xsmart.camera.controller.SrsCallbackController.onconnect(java.lang.String)
===2019-07-24 16:48:57.251 INFO  org.springframework.web.servlet.mvc.method.annotation.RequestMappingHandlerMapping Line:548 - Mapped "{[/srs/callback/onclose],methods=[POST]}" onto public int com.xsmart.camera.controller.SrsCallbackController.onclose(java.lang.String)
===2019-07-24 16:48:57.251 INFO  org.springframework.web.servlet.mvc.method.annotation.RequestMappingHandlerMapping Line:548 - Mapped "{[/srs/callback/onpublish],methods=[POST]}" onto public int com.xsmart.camera.controller.SrsCallbackController.onpublish(java.lang.String)
===2019-07-24 16:48:57.258 INFO  org.springframework.web.servlet.mvc.method.annotation.RequestMappingHandlerMapping Line:548 - Mapped "{[/srs/versions],methods=[GET]}" onto public java.lang.String com.xsmart.camera.controller.SrsController.getVersions()
===2019-07-24 16:48:57.259 INFO  org.springframework.web.servlet.mvc.method.annotation.RequestMappingHandlerMapping Line:548 - Mapped "{[/srs/features],methods=[GET]}" onto public java.lang.String com.xsmart.camera.controller.SrsController.getFeatures()
===2019-07-24 16:48:57.260 INFO  org.springframework.web.servlet.mvc.method.annotation.RequestMappingHandlerMapping Line:548 - Mapped "{[/srs/clients],methods=[GET]}" onto public java.lang.String com.xsmart.camera.controller.SrsController.getClients()
===2019-07-24 16:48:57.262 INFO  org.springframework.web.servlet.mvc.method.annotation.RequestMappingHandlerMapping Line:548 - Mapped "{[/srs/self_proc_stats],methods=[GET]}" onto public java.lang.String com.xsmart.camera.controller.SrsController.getselfProcStats()
===2019-07-24 16:48:57.262 INFO  org.springframework.web.servlet.mvc.method.annotation.RequestMappingHandlerMapping Line:548 - Mapped "{[/srs/summaries],methods=[GET]}" onto public java.lang.String com.xsmart.camera.controller.SrsController.getSummaries()
===2019-07-24 16:48:57.263 INFO  org.springframework.web.servlet.mvc.method.annotation.RequestMappingHandlerMapping Line:548 - Mapped "{[/srs/meminfos],methods=[GET]}" onto public java.lang.String com.xsmart.camera.controller.SrsController.getMeminfos()
===2019-07-24 16:48:57.264 INFO  org.springframework.web.servlet.mvc.method.annotation.RequestMappingHandlerMapping Line:548 - Mapped "{[/srs/authors],methods=[GET]}" onto public java.lang.String com.xsmart.camera.controller.SrsController.getAuthors()
===2019-07-24 16:48:57.265 INFO  org.springframework.web.servlet.mvc.method.annotation.RequestMappingHandlerMapping Line:548 - Mapped "{[/srs/rusages],methods=[GET]}" onto public java.lang.String com.xsmart.camera.controller.SrsController.getRusages()
===2019-07-24 16:48:57.266 INFO  org.springframework.web.servlet.mvc.method.annotation.RequestMappingHandlerMapping Line:548 - Mapped "{[/srs/requests],methods=[GET]}" onto public java.lang.String com.xsmart.camera.controller.SrsController.getRequests()
===2019-07-24 16:48:57.267 INFO  org.springframework.web.servlet.mvc.method.annotation.RequestMappingHandlerMapping Line:548 - Mapped "{[/srs/streams],methods=[GET]}" onto public java.lang.String com.xsmart.camera.controller.SrsController.getStreams()
===2019-07-24 16:48:57.268 INFO  org.springframework.web.servlet.mvc.method.annotation.RequestMappingHandlerMapping Line:548 - Mapped "{[/srs/configs],methods=[GET]}" onto public java.lang.String com.xsmart.camera.controller.SrsController.getConfigs()
===2019-07-24 16:48:57.268 INFO  org.springframework.web.servlet.mvc.method.annotation.RequestMappingHandlerMapping Line:548 - Mapped "{[/srs/system_proc_stats],methods=[GET]}" onto public java.lang.String com.xsmart.camera.controller.SrsController.getSystemProcStats()
===2019-07-24 16:48:57.269 INFO  org.springframework.web.servlet.mvc.method.annotation.RequestMappingHandlerMapping Line:548 - Mapped "{[/linux/commandcall/{command}],methods=[GET]}" onto public void com.xsmart.camera.controller.SystemCommandController.commandcall(java.lang.String)
===2019-07-24 16:48:57.275 INFO  org.springframework.web.servlet.mvc.method.annotation.RequestMappingHandlerMapping Line:548 - Mapped "{[/error]}" onto public org.springframework.http.ResponseEntity<java.util.Map<java.lang.String, java.lang.Object>> org.springframework.boot.autoconfigure.web.servlet.error.BasicErrorController.error(javax.servlet.http.HttpServletRequest)
===2019-07-24 16:48:57.277 INFO  org.springframework.web.servlet.mvc.method.annotation.RequestMappingHandlerMapping Line:548 - Mapped "{[/error],produces=[text/html]}" onto public org.springframework.web.servlet.ModelAndView org.springframework.boot.autoconfigure.web.servlet.error.BasicErrorController.errorHtml(javax.servlet.http.HttpServletRequest,javax.servlet.http.HttpServletResponse)
===2019-07-24 16:48:57.586 INFO  org.springframework.web.servlet.handler.SimpleUrlHandlerMapping Line:373 - Mapped URL path [/webjars/**] onto handler of type [class org.springframework.web.servlet.resource.ResourceHttpRequestHandler]
===2019-07-24 16:48:57.587 INFO  org.springframework.web.servlet.handler.SimpleUrlHandlerMapping Line:373 - Mapped URL path [/**] onto handler of type [class org.springframework.web.servlet.resource.ResourceHttpRequestHandler]
===2019-07-24 16:48:57.811 INFO  org.springframework.web.servlet.handler.SimpleUrlHandlerMapping Line:373 - Mapped URL path [/**/favicon.ico] onto handler of type [class org.springframework.web.servlet.resource.ResourceHttpRequestHandler]
===2019-07-24 16:48:59.018 INFO  org.springframework.jmx.export.annotation.AnnotationMBeanExporter Line:434 - Registering beans for JMX exposure on startup
===2019-07-24 16:48:59.022 INFO  org.springframework.jmx.export.annotation.AnnotationMBeanExporter Line:896 - Bean with name 'dataSource' has been autodetected for JMX exposure
===2019-07-24 16:48:59.040 INFO  org.springframework.jmx.export.annotation.AnnotationMBeanExporter Line:669 - Located MBean 'dataSource': registering with JMX server as MBean [com.zaxxer.hikari:name=dataSource,type=HikariDataSource]
===2019-07-24 16:48:59.064 INFO  org.apache.coyote.http11.Http11NioProtocol Line:180 - Starting ProtocolHandler ["http-nio-8001"]
===2019-07-24 16:48:59.094 INFO  org.apache.tomcat.util.net.NioSelectorPool Line:180 - Using a shared selector for servlet write/read
===2019-07-24 16:48:59.135 INFO  org.springframework.boot.web.embedded.tomcat.TomcatWebServer Line:205 - Tomcat started on port(s): 8001 (http) with context path '/godeye'
===2019-07-24 16:48:59.143 INFO  com.xsmart.camera.GodeyeStart Line:59  - Started GodeyeStart in 10.318 seconds (JVM running for 16.604)
===2019-07-24 16:48:59.149 INFO  com.xsmart.camera.GodeyeStart Line:26  - =================================
===2019-07-24 16:48:59.149 INFO  com.xsmart.camera.GodeyeStart Line:27  - =================================
===2019-07-24 16:48:59.150 INFO  com.xsmart.camera.GodeyeStart Line:28  - =====godeye start completed======
===2019-07-24 16:48:59.150 INFO  com.xsmart.camera.GodeyeStart Line:29  - =================================
===2019-07-24 16:48:59.150 INFO  com.xsmart.camera.GodeyeStart Line:30  - =================================
===2019-07-24 16:50:02.077 INFO  org.apache.catalina.core.ContainerBase.[Tomcat].[localhost].[/godeye] Line:180 - Initializing Spring FrameworkServlet 'dispatcherServlet'
===2019-07-24 16:50:02.078 INFO  org.springframework.web.servlet.DispatcherServlet Line:494 - FrameworkServlet 'dispatcherServlet': initialization started
===2019-07-24 16:50:02.135 INFO  org.springframework.web.servlet.DispatcherServlet Line:513 - FrameworkServlet 'dispatcherServlet': initialization completed in 56 ms
===2019-07-24 16:50:02.185 INFO  com.xsmart.camera.controller.CameraController Line:62  - cmd is cd /home/ztesoftai/IMChatService/srs/srs-2.0-r6/trunk/objs/nginx/html/live 
 mkdir 2019-07-24 
 mv onepiece* 2019-07-24
===2019-07-24 16:51:02.248 INFO  com.xsmart.camera.controller.CameraController Line:62  - cmd is cd /home/ztesoftai/IMChatService/srs/srs-2.0-r6/trunk/objs/nginx/html/live 
 mkdir 2019-07-24 
 mv onepiece* 2019-07-24
===2019-07-24 17:03:02.611 INFO  org.springframework.boot.web.servlet.context.AnnotationConfigServletWebServerApplicationContext Line:989 - Closing org.springframework.boot.web.servlet.context.AnnotationConfigServletWebServerApplicationContext@14d14731: startup date [Wed Jul 24 16:48:50 CST 2019]; root of context hierarchy
===2019-07-24 17:03:02.635 INFO  org.springframework.jmx.export.annotation.AnnotationMBeanExporter Line:452 - Unregistering JMX-exposed beans on shutdown
===2019-07-24 17:03:02.636 INFO  org.springframework.jmx.export.annotation.AnnotationMBeanExporter Line:183 - Unregistering JMX-exposed beans
