===2019-07-02 11:26:33.161 INFO  com.xsmart.camera.GodeyeStart Line:50  - Starting GodeyeStart on DESKTOP-MB4R5RL with PID 2564 (D:\IDEAWorkSpace\other\godeye\target\classes started by Think in D:\IDEAWorkSpace\other\godeye)
===2019-07-02 11:26:33.174 INFO  com.xsmart.camera.GodeyeStart Line:652 - No active profile set, falling back to default profiles: default
===2019-07-02 11:26:33.333 INFO  org.springframework.boot.web.servlet.context.AnnotationConfigServletWebServerApplicationContext Line:589 - Refreshing org.springframework.boot.web.servlet.context.AnnotationConfigServletWebServerApplicationContext@6025e1b6: startup date [Tue Jul 02 11:26:33 CST 2019]; root of context hierarchy
===2019-07-02 11:26:34.009 INFO  org.springframework.boot.web.servlet.context.AnnotationConfigServletWebServerApplicationContext Line:989 - Closing org.springframework.boot.web.servlet.context.AnnotationConfigServletWebServerApplicationContext@6025e1b6: startup date [Tue Jul 02 11:26:33 CST 2019]; root of context hierarchy
===2019-07-02 11:29:43.802 INFO  com.xsmart.camera.GodeyeStart Line:50  - Starting GodeyeStart on DESKTOP-MB4R5RL with PID 8452 (D:\IDEAWorkSpace\other\godeye\target\classes started by Think in D:\IDEAWorkSpace\other\godeye)
===2019-07-02 11:29:43.810 INFO  com.xsmart.camera.GodeyeStart Line:652 - No active profile set, falling back to default profiles: default
===2019-07-02 11:29:43.915 INFO  org.springframework.boot.web.servlet.context.AnnotationConfigServletWebServerApplicationContext Line:589 - Refreshing org.springframework.boot.web.servlet.context.AnnotationConfigServletWebServerApplicationContext@2d1ef81a: startup date [Tue Jul 02 11:29:43 CST 2019]; root of context hierarchy
===2019-07-02 11:29:44.837 INFO  org.springframework.boot.web.servlet.context.AnnotationConfigServletWebServerApplicationContext Line:989 - Closing org.springframework.boot.web.servlet.context.AnnotationConfigServletWebServerApplicationContext@2d1ef81a: startup date [Tue Jul 02 11:29:43 CST 2019]; root of context hierarchy
===2019-07-02 13:37:01.258 INFO  com.xsmart.camera.GodeyeStart Line:50  - Starting GodeyeStart on DESKTOP-MB4R5RL with PID 20844 (D:\IDEAWorkSpace\other\godeye\target\classes started by Think in D:\IDEAWorkSpace\other\godeye)
===2019-07-02 13:37:01.266 INFO  com.xsmart.camera.GodeyeStart Line:652 - No active profile set, falling back to default profiles: default
===2019-07-02 13:37:01.389 INFO  org.springframework.boot.web.servlet.context.AnnotationConfigServletWebServerApplicationContext Line:589 - Refreshing org.springframework.boot.web.servlet.context.AnnotationConfigServletWebServerApplicationContext@22ff4249: startup date [Tue Jul 02 13:37:01 CST 2019]; root of context hierarchy
===2019-07-02 13:37:03.802 INFO  org.springframework.boot.web.embedded.tomcat.TomcatWebServer Line:91  - Tomcat initialized with port(s): 8001 (http)
===2019-07-02 13:37:03.843 INFO  org.apache.coyote.http11.Http11NioProtocol Line:180 - Initializing ProtocolHandler ["http-nio-8001"]
===2019-07-02 13:37:03.862 INFO  org.apache.catalina.core.StandardService Line:180 - Starting service [Tomcat]
===2019-07-02 13:37:03.863 INFO  org.apache.catalina.core.StandardEngine Line:180 - Starting Servlet Engine: Apache Tomcat/8.5.28
===2019-07-02 13:37:03.872 INFO  org.apache.catalina.core.AprLifecycleListener Line:180 - Loaded APR based Apache Tomcat Native library [1.2.16] using APR version [1.6.3].
===2019-07-02 13:37:03.872 INFO  org.apache.catalina.core.AprLifecycleListener Line:180 - APR capabilities: IPv6 [true], sendfile [true], accept filters [false], random [true].
===2019-07-02 13:37:03.873 INFO  org.apache.catalina.core.AprLifecycleListener Line:180 - APR/OpenSSL configuration: useAprConnector [false], useOpenSSL [true]
===2019-07-02 13:37:05.050 INFO  org.apache.catalina.core.AprLifecycleListener Line:180 - OpenSSL successfully initialized [OpenSSL 1.0.2m  2 Nov 2017]
===2019-07-02 13:37:05.215 INFO  org.apache.catalina.core.ContainerBase.[Tomcat].[localhost].[/godeye] Line:180 - Initializing Spring embedded WebApplicationContext
===2019-07-02 13:37:05.216 INFO  org.springframework.web.context.ContextLoader Line:285 - Root WebApplicationContext: initialization completed in 3827 ms
===2019-07-02 13:37:05.518 INFO  org.springframework.boot.web.servlet.ServletRegistrationBean Line:185 - Servlet dispatcherServlet mapped to [/]
===2019-07-02 13:37:05.524 INFO  org.springframework.boot.web.servlet.FilterRegistrationBean Line:243 - Mapping filter: 'characterEncodingFilter' to: [/*]
===2019-07-02 13:37:05.525 INFO  org.springframework.boot.web.servlet.FilterRegistrationBean Line:243 - Mapping filter: 'hiddenHttpMethodFilter' to: [/*]
===2019-07-02 13:37:05.525 INFO  org.springframework.boot.web.servlet.FilterRegistrationBean Line:243 - Mapping filter: 'httpPutFormContentFilter' to: [/*]
===2019-07-02 13:37:05.525 INFO  org.springframework.boot.web.servlet.FilterRegistrationBean Line:243 - Mapping filter: 'requestContextFilter' to: [/*]
===2019-07-02 13:37:06.353 INFO  org.springframework.web.servlet.mvc.method.annotation.RequestMappingHandlerAdapter Line:567 - Looking for @ControllerAdvice: org.springframework.boot.web.servlet.context.AnnotationConfigServletWebServerApplicationContext@22ff4249: startup date [Tue Jul 02 13:37:01 CST 2019]; root of context hierarchy
===2019-07-02 13:37:06.485 INFO  org.springframework.web.servlet.mvc.method.annotation.RequestMappingHandlerMapping Line:548 - Mapped "{[/index/{streamId} || /INDEX/{streamId}],methods=[GET]}" onto public void com.xsmart.camera.controller.CameraController.index(javax.servlet.http.HttpServletRequest,java.lang.Integer)
===2019-07-02 13:37:06.488 INFO  org.springframework.web.servlet.mvc.method.annotation.RequestMappingHandlerMapping Line:548 - Mapped "{[/pushStream/{streamPath}],methods=[POST]}" onto public void com.xsmart.camera.controller.FfmpegController.startPush(javax.servlet.http.HttpServletRequest,java.lang.String)
===2019-07-02 13:37:06.500 INFO  org.apache.catalina.core.StandardService Line:180 - Stopping service [Tomcat]
===2019-07-02 13:37:06.535 INFO  org.springframework.boot.autoconfigure.logging.ConditionEvaluationReportLoggingListener Line:101 - 

Error starting ApplicationContext. To display the conditions report re-run your application with 'debug' enabled.
===2019-07-02 13:38:24.186 INFO  com.xsmart.camera.GodeyeStart Line:50  - Starting GodeyeStart on DESKTOP-MB4R5RL with PID 17888 (D:\IDEAWorkSpace\other\godeye\target\classes started by Think in D:\IDEAWorkSpace\other\godeye)
===2019-07-02 13:38:24.198 INFO  com.xsmart.camera.GodeyeStart Line:652 - No active profile set, falling back to default profiles: default
===2019-07-02 13:38:24.302 INFO  org.springframework.boot.web.servlet.context.AnnotationConfigServletWebServerApplicationContext Line:589 - Refreshing org.springframework.boot.web.servlet.context.AnnotationConfigServletWebServerApplicationContext@2d1ef81a: startup date [Tue Jul 02 13:38:24 CST 2019]; root of context hierarchy
===2019-07-02 13:38:26.597 INFO  org.springframework.boot.web.embedded.tomcat.TomcatWebServer Line:91  - Tomcat initialized with port(s): 8001 (http)
===2019-07-02 13:38:26.639 INFO  org.apache.coyote.http11.Http11NioProtocol Line:180 - Initializing ProtocolHandler ["http-nio-8001"]
===2019-07-02 13:38:26.657 INFO  org.apache.catalina.core.StandardService Line:180 - Starting service [Tomcat]
===2019-07-02 13:38:26.658 INFO  org.apache.catalina.core.StandardEngine Line:180 - Starting Servlet Engine: Apache Tomcat/8.5.28
===2019-07-02 13:38:26.667 INFO  org.apache.catalina.core.AprLifecycleListener Line:180 - Loaded APR based Apache Tomcat Native library [1.2.16] using APR version [1.6.3].
===2019-07-02 13:38:26.667 INFO  org.apache.catalina.core.AprLifecycleListener Line:180 - APR capabilities: IPv6 [true], sendfile [true], accept filters [false], random [true].
===2019-07-02 13:38:26.668 INFO  org.apache.catalina.core.AprLifecycleListener Line:180 - APR/OpenSSL configuration: useAprConnector [false], useOpenSSL [true]
===2019-07-02 13:38:27.828 INFO  org.apache.catalina.core.AprLifecycleListener Line:180 - OpenSSL successfully initialized [OpenSSL 1.0.2m  2 Nov 2017]
===2019-07-02 13:38:27.977 INFO  org.apache.catalina.core.ContainerBase.[Tomcat].[localhost].[/godeye] Line:180 - Initializing Spring embedded WebApplicationContext
===2019-07-02 13:38:27.978 INFO  org.springframework.web.context.ContextLoader Line:285 - Root WebApplicationContext: initialization completed in 3676 ms
===2019-07-02 13:38:28.216 INFO  org.springframework.boot.web.servlet.ServletRegistrationBean Line:185 - Servlet dispatcherServlet mapped to [/]
===2019-07-02 13:38:28.222 INFO  org.springframework.boot.web.servlet.FilterRegistrationBean Line:243 - Mapping filter: 'characterEncodingFilter' to: [/*]
===2019-07-02 13:38:28.223 INFO  org.springframework.boot.web.servlet.FilterRegistrationBean Line:243 - Mapping filter: 'hiddenHttpMethodFilter' to: [/*]
===2019-07-02 13:38:28.224 INFO  org.springframework.boot.web.servlet.FilterRegistrationBean Line:243 - Mapping filter: 'httpPutFormContentFilter' to: [/*]
===2019-07-02 13:38:28.224 INFO  org.springframework.boot.web.servlet.FilterRegistrationBean Line:243 - Mapping filter: 'requestContextFilter' to: [/*]
===2019-07-02 13:38:28.916 INFO  org.springframework.web.servlet.mvc.method.annotation.RequestMappingHandlerAdapter Line:567 - Looking for @ControllerAdvice: org.springframework.boot.web.servlet.context.AnnotationConfigServletWebServerApplicationContext@2d1ef81a: startup date [Tue Jul 02 13:38:24 CST 2019]; root of context hierarchy
===2019-07-02 13:38:29.028 INFO  org.springframework.web.servlet.mvc.method.annotation.RequestMappingHandlerMapping Line:548 - Mapped "{[/index/{streamId} || /INDEX/{streamId}],methods=[GET]}" onto public void com.xsmart.camera.controller.CameraController.index(javax.servlet.http.HttpServletRequest,java.lang.Integer)
===2019-07-02 13:38:29.030 INFO  org.springframework.web.servlet.mvc.method.annotation.RequestMappingHandlerMapping Line:548 - Mapped "{[/pushStream/{streamPath}],methods=[POST]}" onto public void com.xsmart.camera.controller.FfmpegController.startPush(javax.servlet.http.HttpServletRequest,java.lang.String)
===2019-07-02 13:38:29.031 INFO  org.springframework.web.servlet.mvc.method.annotation.RequestMappingHandlerMapping Line:548 - Mapped "{[/stopPushStream/{streamPath}],methods=[POST]}" onto public void com.xsmart.camera.controller.FfmpegController.stopPushStream(javax.servlet.http.HttpServletRequest,java.lang.String)
===2019-07-02 13:38:29.043 INFO  org.springframework.web.servlet.mvc.method.annotation.RequestMappingHandlerMapping Line:548 - Mapped "{[/srs/versions],methods=[GET]}" onto public java.lang.String com.xsmart.camera.controller.SrsController.getVersions()
===2019-07-02 13:38:29.044 INFO  org.springframework.web.servlet.mvc.method.annotation.RequestMappingHandlerMapping Line:548 - Mapped "{[/srs/features],methods=[GET]}" onto public java.lang.String com.xsmart.camera.controller.SrsController.getFeatures()
===2019-07-02 13:38:29.045 INFO  org.springframework.web.servlet.mvc.method.annotation.RequestMappingHandlerMapping Line:548 - Mapped "{[/srs/system_proc_stats],methods=[GET]}" onto public java.lang.String com.xsmart.camera.controller.SrsController.getSystemProcStats()
===2019-07-02 13:38:29.046 INFO  org.springframework.web.servlet.mvc.method.annotation.RequestMappingHandlerMapping Line:548 - Mapped "{[/srs/rusages],methods=[GET]}" onto public java.lang.String com.xsmart.camera.controller.SrsController.getRusages()
===2019-07-02 13:38:29.046 INFO  org.springframework.web.servlet.mvc.method.annotation.RequestMappingHandlerMapping Line:548 - Mapped "{[/srs/meminfos],methods=[GET]}" onto public java.lang.String com.xsmart.camera.controller.SrsController.getMeminfos()
===2019-07-02 13:38:29.047 INFO  org.springframework.web.servlet.mvc.method.annotation.RequestMappingHandlerMapping Line:548 - Mapped "{[/srs/authors],methods=[GET]}" onto public java.lang.String com.xsmart.camera.controller.SrsController.getAuthors()
===2019-07-02 13:38:29.047 INFO  org.springframework.web.servlet.mvc.method.annotation.RequestMappingHandlerMapping Line:548 - Mapped "{[/srs/summaries],methods=[GET]}" onto public java.lang.String com.xsmart.camera.controller.SrsController.getSummaries()
===2019-07-02 13:38:29.048 INFO  org.springframework.web.servlet.mvc.method.annotation.RequestMappingHandlerMapping Line:548 - Mapped "{[/srs/configs],methods=[GET]}" onto public java.lang.String com.xsmart.camera.controller.SrsController.getConfigs()
===2019-07-02 13:38:29.050 INFO  org.springframework.web.servlet.mvc.method.annotation.RequestMappingHandlerMapping Line:548 - Mapped "{[/srs/clients],methods=[GET]}" onto public java.lang.String com.xsmart.camera.controller.SrsController.getClients()
===2019-07-02 13:38:29.051 INFO  org.springframework.web.servlet.mvc.method.annotation.RequestMappingHandlerMapping Line:548 - Mapped "{[/srs/streams],methods=[GET]}" onto public java.lang.String com.xsmart.camera.controller.SrsController.getStreams()
===2019-07-02 13:38:29.052 INFO  org.springframework.web.servlet.mvc.method.annotation.RequestMappingHandlerMapping Line:548 - Mapped "{[/srs/requests],methods=[GET]}" onto public java.lang.String com.xsmart.camera.controller.SrsController.getRequests()
===2019-07-02 13:38:29.053 INFO  org.springframework.web.servlet.mvc.method.annotation.RequestMappingHandlerMapping Line:548 - Mapped "{[/srs/self_proc_stats],methods=[GET]}" onto public java.lang.String com.xsmart.camera.controller.SrsController.getselfProcStats()
===2019-07-02 13:38:29.057 INFO  org.springframework.web.servlet.mvc.method.annotation.RequestMappingHandlerMapping Line:548 - Mapped "{[/error]}" onto public org.springframework.http.ResponseEntity<java.util.Map<java.lang.String, java.lang.Object>> org.springframework.boot.autoconfigure.web.servlet.error.BasicErrorController.error(javax.servlet.http.HttpServletRequest)
===2019-07-02 13:38:29.059 INFO  org.springframework.web.servlet.mvc.method.annotation.RequestMappingHandlerMapping Line:548 - Mapped "{[/error],produces=[text/html]}" onto public org.springframework.web.servlet.ModelAndView org.springframework.boot.autoconfigure.web.servlet.error.BasicErrorController.errorHtml(javax.servlet.http.HttpServletRequest,javax.servlet.http.HttpServletResponse)
===2019-07-02 13:38:29.139 INFO  org.springframework.web.servlet.handler.SimpleUrlHandlerMapping Line:373 - Mapped URL path [/webjars/**] onto handler of type [class org.springframework.web.servlet.resource.ResourceHttpRequestHandler]
===2019-07-02 13:38:29.140 INFO  org.springframework.web.servlet.handler.SimpleUrlHandlerMapping Line:373 - Mapped URL path [/**] onto handler of type [class org.springframework.web.servlet.resource.ResourceHttpRequestHandler]
===2019-07-02 13:38:29.225 INFO  org.springframework.web.servlet.handler.SimpleUrlHandlerMapping Line:373 - Mapped URL path [/**/favicon.ico] onto handler of type [class org.springframework.web.servlet.resource.ResourceHttpRequestHandler]
===2019-07-02 13:38:29.531 INFO  org.springframework.jmx.export.annotation.AnnotationMBeanExporter Line:434 - Registering beans for JMX exposure on startup
===2019-07-02 13:38:29.566 INFO  org.apache.coyote.http11.Http11NioProtocol Line:180 - Starting ProtocolHandler ["http-nio-8001"]
===2019-07-02 13:38:29.591 INFO  org.apache.tomcat.util.net.NioSelectorPool Line:180 - Using a shared selector for servlet write/read
===2019-07-02 13:38:29.617 INFO  org.springframework.boot.web.embedded.tomcat.TomcatWebServer Line:205 - Tomcat started on port(s): 8001 (http) with context path '/godeye'
===2019-07-02 13:38:29.622 INFO  com.xsmart.camera.GodeyeStart Line:59  - Started GodeyeStart in 6.239 seconds (JVM running for 11.72)
