===2019-06-28 10:36:20.575 INFO  GodeyeStart Line:50  - Starting GodeyeStart on DESKTOP-MB4R5RL with PID 5904 (D:\IDEAWorkSpace\other\godeye\target\classes started by Think in D:\IDEAWorkSpace\other\godeye)
===2019-06-28 10:36:20.585 INFO  GodeyeStart Line:652 - No active profile set, falling back to default profiles: default
===2019-06-28 10:36:20.678 INFO  org.springframework.boot.web.servlet.context.AnnotationConfigServletWebServerApplicationContext Line:589 - Refreshing org.springframework.boot.web.servlet.context.AnnotationConfigServletWebServerApplicationContext@1ce24091: startup date [Fri Jun 28 10:36:20 CST 2019]; root of context hierarchy
===2019-06-28 10:36:22.228 INFO  org.springframework.context.support.PostProcessorRegistrationDelegate$BeanPostProcessorChecker Line:328 - Bean 'org.springframework.transaction.annotation.ProxyTransactionManagementConfiguration' of type [org.springframework.transaction.annotation.ProxyTransactionManagementConfiguration$$EnhancerBySpringCGLIB$$42edda09] is not eligible for getting processed by all BeanPostProcessors (for example: not eligible for auto-proxying)
===2019-06-28 10:36:22.428 INFO  org.springframework.boot.autoconfigure.logging.ConditionEvaluationReportLoggingListener Line:101 - 

Error starting ApplicationContext. To display the conditions report re-run your application with 'debug' enabled.
===2019-06-28 10:36:45.283 INFO  GodeyeStart Line:50  - Starting GodeyeStart on DESKTOP-MB4R5RL with PID 14684 (D:\IDEAWorkSpace\other\godeye\target\classes started by Think in D:\IDEAWorkSpace\other\godeye)
===2019-06-28 10:36:45.293 INFO  GodeyeStart Line:652 - No active profile set, falling back to default profiles: default
===2019-06-28 10:36:45.380 INFO  org.springframework.boot.web.servlet.context.AnnotationConfigServletWebServerApplicationContext Line:589 - Refreshing org.springframework.boot.web.servlet.context.AnnotationConfigServletWebServerApplicationContext@1ce24091: startup date [Fri Jun 28 10:36:45 CST 2019]; root of context hierarchy
===2019-06-28 10:36:46.815 INFO  org.springframework.context.support.PostProcessorRegistrationDelegate$BeanPostProcessorChecker Line:328 - Bean 'org.springframework.transaction.annotation.ProxyTransactionManagementConfiguration' of type [org.springframework.transaction.annotation.ProxyTransactionManagementConfiguration$$EnhancerBySpringCGLIB$$c0f990e8] is not eligible for getting processed by all BeanPostProcessors (for example: not eligible for auto-proxying)
===2019-06-28 10:36:47.188 INFO  org.springframework.boot.web.embedded.tomcat.TomcatWebServer Line:91  - Tomcat initialized with port(s): 8001 (http)
===2019-06-28 10:36:47.222 INFO  org.apache.coyote.http11.Http11NioProtocol Line:180 - Initializing ProtocolHandler ["http-nio-8001"]
===2019-06-28 10:36:47.233 INFO  org.apache.catalina.core.StandardService Line:180 - Starting service [Tomcat]
===2019-06-28 10:36:47.234 INFO  org.apache.catalina.core.StandardEngine Line:180 - Starting Servlet Engine: Apache Tomcat/8.5.28
===2019-06-28 10:36:47.240 INFO  org.apache.catalina.core.AprLifecycleListener Line:180 - Loaded APR based Apache Tomcat Native library [1.2.16] using APR version [1.6.3].
===2019-06-28 10:36:47.241 INFO  org.apache.catalina.core.AprLifecycleListener Line:180 - APR capabilities: IPv6 [true], sendfile [true], accept filters [false], random [true].
===2019-06-28 10:36:47.241 INFO  org.apache.catalina.core.AprLifecycleListener Line:180 - APR/OpenSSL configuration: useAprConnector [false], useOpenSSL [true]
===2019-06-28 10:36:48.353 INFO  org.apache.catalina.core.AprLifecycleListener Line:180 - OpenSSL successfully initialized [OpenSSL 1.0.2m  2 Nov 2017]
===2019-06-28 10:36:48.476 INFO  org.apache.catalina.core.ContainerBase.[Tomcat].[localhost].[/godeye] Line:180 - Initializing Spring embedded WebApplicationContext
===2019-06-28 10:36:48.477 INFO  org.springframework.web.context.ContextLoader Line:285 - Root WebApplicationContext: initialization completed in 3097 ms
===2019-06-28 10:36:48.652 INFO  org.springframework.boot.web.servlet.ServletRegistrationBean Line:185 - Servlet dispatcherServlet mapped to [/]
===2019-06-28 10:36:48.657 INFO  org.springframework.boot.web.servlet.FilterRegistrationBean Line:243 - Mapping filter: 'characterEncodingFilter' to: [/*]
===2019-06-28 10:36:48.658 INFO  org.springframework.boot.web.servlet.FilterRegistrationBean Line:243 - Mapping filter: 'hiddenHttpMethodFilter' to: [/*]
===2019-06-28 10:36:48.658 INFO  org.springframework.boot.web.servlet.FilterRegistrationBean Line:243 - Mapping filter: 'httpPutFormContentFilter' to: [/*]
===2019-06-28 10:36:48.658 INFO  org.springframework.boot.web.servlet.FilterRegistrationBean Line:243 - Mapping filter: 'requestContextFilter' to: [/*]
===2019-06-28 10:36:48.708 INFO  org.apache.catalina.core.StandardService Line:180 - Stopping service [Tomcat]
===2019-06-28 10:36:48.725 INFO  org.springframework.boot.autoconfigure.logging.ConditionEvaluationReportLoggingListener Line:101 - 

Error starting ApplicationContext. To display the conditions report re-run your application with 'debug' enabled.
===2019-06-28 10:37:21.386 INFO  GodeyeStart Line:50  - Starting GodeyeStart on DESKTOP-MB4R5RL with PID 6924 (D:\IDEAWorkSpace\other\godeye\target\classes started by Think in D:\IDEAWorkSpace\other\godeye)
===2019-06-28 10:37:21.394 INFO  GodeyeStart Line:652 - No active profile set, falling back to default profiles: default
===2019-06-28 10:37:21.491 INFO  org.springframework.boot.web.servlet.context.AnnotationConfigServletWebServerApplicationContext Line:589 - Refreshing org.springframework.boot.web.servlet.context.AnnotationConfigServletWebServerApplicationContext@3eb25e1a: startup date [Fri Jun 28 10:37:21 CST 2019]; root of context hierarchy
===2019-06-28 10:37:22.930 INFO  org.springframework.boot.web.embedded.tomcat.TomcatWebServer Line:91  - Tomcat initialized with port(s): 8001 (http)
===2019-06-28 10:37:22.949 INFO  org.apache.coyote.http11.Http11NioProtocol Line:180 - Initializing ProtocolHandler ["http-nio-8001"]
===2019-06-28 10:37:22.960 INFO  org.apache.catalina.core.StandardService Line:180 - Starting service [Tomcat]
===2019-06-28 10:37:22.961 INFO  org.apache.catalina.core.StandardEngine Line:180 - Starting Servlet Engine: Apache Tomcat/8.5.28
===2019-06-28 10:37:22.967 INFO  org.apache.catalina.core.AprLifecycleListener Line:180 - Loaded APR based Apache Tomcat Native library [1.2.16] using APR version [1.6.3].
===2019-06-28 10:37:22.968 INFO  org.apache.catalina.core.AprLifecycleListener Line:180 - APR capabilities: IPv6 [true], sendfile [true], accept filters [false], random [true].
===2019-06-28 10:37:22.968 INFO  org.apache.catalina.core.AprLifecycleListener Line:180 - APR/OpenSSL configuration: useAprConnector [false], useOpenSSL [true]
===2019-06-28 10:37:24.075 INFO  org.apache.catalina.core.AprLifecycleListener Line:180 - OpenSSL successfully initialized [OpenSSL 1.0.2m  2 Nov 2017]
===2019-06-28 10:37:24.181 INFO  org.apache.catalina.core.ContainerBase.[Tomcat].[localhost].[/godeye] Line:180 - Initializing Spring embedded WebApplicationContext
===2019-06-28 10:37:24.181 INFO  org.springframework.web.context.ContextLoader Line:285 - Root WebApplicationContext: initialization completed in 2690 ms
===2019-06-28 10:37:24.345 INFO  org.springframework.boot.web.servlet.ServletRegistrationBean Line:185 - Servlet dispatcherServlet mapped to [/]
===2019-06-28 10:37:24.350 INFO  org.springframework.boot.web.servlet.FilterRegistrationBean Line:243 - Mapping filter: 'characterEncodingFilter' to: [/*]
===2019-06-28 10:37:24.351 INFO  org.springframework.boot.web.servlet.FilterRegistrationBean Line:243 - Mapping filter: 'hiddenHttpMethodFilter' to: [/*]
===2019-06-28 10:37:24.351 INFO  org.springframework.boot.web.servlet.FilterRegistrationBean Line:243 - Mapping filter: 'httpPutFormContentFilter' to: [/*]
===2019-06-28 10:37:24.351 INFO  org.springframework.boot.web.servlet.FilterRegistrationBean Line:243 - Mapping filter: 'requestContextFilter' to: [/*]
===2019-06-28 10:37:24.655 INFO  org.springframework.web.servlet.mvc.method.annotation.RequestMappingHandlerAdapter Line:567 - Looking for @ControllerAdvice: org.springframework.boot.web.servlet.context.AnnotationConfigServletWebServerApplicationContext@3eb25e1a: startup date [Fri Jun 28 10:37:21 CST 2019]; root of context hierarchy
===2019-06-28 10:37:24.720 INFO  org.springframework.web.servlet.mvc.method.annotation.RequestMappingHandlerMapping Line:548 - Mapped "{[/index || /INDEX],methods=[GET]}" onto public void CameraController.index(javax.servlet.http.HttpServletRequest,java.lang.Integer)
===2019-06-28 10:37:24.728 INFO  org.springframework.web.servlet.mvc.method.annotation.RequestMappingHandlerMapping Line:548 - Mapped "{[/error]}" onto public org.springframework.http.ResponseEntity<java.util.Map<java.lang.String, java.lang.Object>> org.springframework.boot.autoconfigure.web.servlet.error.BasicErrorController.error(javax.servlet.http.HttpServletRequest)
===2019-06-28 10:37:24.730 INFO  org.springframework.web.servlet.mvc.method.annotation.RequestMappingHandlerMapping Line:548 - Mapped "{[/error],produces=[text/html]}" onto public org.springframework.web.servlet.ModelAndView org.springframework.boot.autoconfigure.web.servlet.error.BasicErrorController.errorHtml(javax.servlet.http.HttpServletRequest,javax.servlet.http.HttpServletResponse)
===2019-06-28 10:37:24.763 INFO  org.springframework.web.servlet.handler.SimpleUrlHandlerMapping Line:373 - Mapped URL path [/webjars/**] onto handler of type [class org.springframework.web.servlet.resource.ResourceHttpRequestHandler]
===2019-06-28 10:37:24.764 INFO  org.springframework.web.servlet.handler.SimpleUrlHandlerMapping Line:373 - Mapped URL path [/**] onto handler of type [class org.springframework.web.servlet.resource.ResourceHttpRequestHandler]
===2019-06-28 10:37:24.801 INFO  org.springframework.web.servlet.handler.SimpleUrlHandlerMapping Line:373 - Mapped URL path [/**/favicon.ico] onto handler of type [class org.springframework.web.servlet.resource.ResourceHttpRequestHandler]
===2019-06-28 10:37:24.970 INFO  org.springframework.jmx.export.annotation.AnnotationMBeanExporter Line:434 - Registering beans for JMX exposure on startup
===2019-06-28 10:37:24.997 INFO  org.apache.coyote.http11.Http11NioProtocol Line:180 - Starting ProtocolHandler ["http-nio-8001"]
===2019-06-28 10:37:25.015 INFO  org.apache.tomcat.util.net.NioSelectorPool Line:180 - Using a shared selector for servlet write/read
===2019-06-28 10:37:25.037 INFO  org.springframework.boot.web.embedded.tomcat.TomcatWebServer Line:205 - Tomcat started on port(s): 8001 (http) with context path '/godeye'
===2019-06-28 10:37:25.042 INFO  GodeyeStart Line:59  - Started GodeyeStart in 4.182 seconds (JVM running for 7.749)
===2019-06-28 10:38:14.750 INFO  org.apache.catalina.core.ContainerBase.[Tomcat].[localhost].[/godeye] Line:180 - Initializing Spring FrameworkServlet 'dispatcherServlet'
===2019-06-28 10:38:14.750 INFO  org.springframework.web.servlet.DispatcherServlet Line:494 - FrameworkServlet 'dispatcherServlet': initialization started
===2019-06-28 10:38:14.778 INFO  org.springframework.web.servlet.DispatcherServlet Line:513 - FrameworkServlet 'dispatcherServlet': initialization completed in 27 ms
===2019-06-28 10:41:20.611 INFO  GodeyeStart Line:50  - Starting GodeyeStart on DESKTOP-MB4R5RL with PID 22040 (D:\IDEAWorkSpace\other\godeye\target\classes started by Think in D:\IDEAWorkSpace\other\godeye)
===2019-06-28 10:41:20.618 INFO  GodeyeStart Line:652 - No active profile set, falling back to default profiles: default
===2019-06-28 10:41:20.699 INFO  org.springframework.boot.web.servlet.context.AnnotationConfigServletWebServerApplicationContext Line:589 - Refreshing org.springframework.boot.web.servlet.context.AnnotationConfigServletWebServerApplicationContext@6743e411: startup date [Fri Jun 28 10:41:20 CST 2019]; root of context hierarchy
===2019-06-28 10:41:22.203 INFO  org.springframework.boot.web.embedded.tomcat.TomcatWebServer Line:91  - Tomcat initialized with port(s): 8001 (http)
===2019-06-28 10:41:22.220 INFO  org.apache.coyote.http11.Http11NioProtocol Line:180 - Initializing ProtocolHandler ["http-nio-8001"]
===2019-06-28 10:41:22.231 INFO  org.apache.catalina.core.StandardService Line:180 - Starting service [Tomcat]
===2019-06-28 10:41:22.232 INFO  org.apache.catalina.core.StandardEngine Line:180 - Starting Servlet Engine: Apache Tomcat/8.5.28
===2019-06-28 10:41:22.239 INFO  org.apache.catalina.core.AprLifecycleListener Line:180 - Loaded APR based Apache Tomcat Native library [1.2.16] using APR version [1.6.3].
===2019-06-28 10:41:22.240 INFO  org.apache.catalina.core.AprLifecycleListener Line:180 - APR capabilities: IPv6 [true], sendfile [true], accept filters [false], random [true].
===2019-06-28 10:41:22.240 INFO  org.apache.catalina.core.AprLifecycleListener Line:180 - APR/OpenSSL configuration: useAprConnector [false], useOpenSSL [true]
===2019-06-28 10:41:23.341 INFO  org.apache.catalina.core.AprLifecycleListener Line:180 - OpenSSL successfully initialized [OpenSSL 1.0.2m  2 Nov 2017]
===2019-06-28 10:41:23.449 INFO  org.apache.catalina.core.ContainerBase.[Tomcat].[localhost].[/godeye] Line:180 - Initializing Spring embedded WebApplicationContext
===2019-06-28 10:41:23.449 INFO  org.springframework.web.context.ContextLoader Line:285 - Root WebApplicationContext: initialization completed in 2751 ms
===2019-06-28 10:41:23.614 INFO  org.springframework.boot.web.servlet.ServletRegistrationBean Line:185 - Servlet dispatcherServlet mapped to [/]
===2019-06-28 10:41:23.619 INFO  org.springframework.boot.web.servlet.FilterRegistrationBean Line:243 - Mapping filter: 'characterEncodingFilter' to: [/*]
===2019-06-28 10:41:23.619 INFO  org.springframework.boot.web.servlet.FilterRegistrationBean Line:243 - Mapping filter: 'hiddenHttpMethodFilter' to: [/*]
===2019-06-28 10:41:23.619 INFO  org.springframework.boot.web.servlet.FilterRegistrationBean Line:243 - Mapping filter: 'httpPutFormContentFilter' to: [/*]
===2019-06-28 10:41:23.620 INFO  org.springframework.boot.web.servlet.FilterRegistrationBean Line:243 - Mapping filter: 'requestContextFilter' to: [/*]
===2019-06-28 10:41:23.930 INFO  org.springframework.web.servlet.mvc.method.annotation.RequestMappingHandlerAdapter Line:567 - Looking for @ControllerAdvice: org.springframework.boot.web.servlet.context.AnnotationConfigServletWebServerApplicationContext@6743e411: startup date [Fri Jun 28 10:41:20 CST 2019]; root of context hierarchy
===2019-06-28 10:41:24.006 INFO  org.springframework.web.servlet.mvc.method.annotation.RequestMappingHandlerMapping Line:548 - Mapped "{[/index/{streamId} || /INDEX/{streamId}],methods=[GET]}" onto public void CameraController.index(javax.servlet.http.HttpServletRequest,java.lang.Integer)
===2019-06-28 10:41:24.012 INFO  org.springframework.web.servlet.mvc.method.annotation.RequestMappingHandlerMapping Line:548 - Mapped "{[/error]}" onto public org.springframework.http.ResponseEntity<java.util.Map<java.lang.String, java.lang.Object>> org.springframework.boot.autoconfigure.web.servlet.error.BasicErrorController.error(javax.servlet.http.HttpServletRequest)
===2019-06-28 10:41:24.013 INFO  org.springframework.web.servlet.mvc.method.annotation.RequestMappingHandlerMapping Line:548 - Mapped "{[/error],produces=[text/html]}" onto public org.springframework.web.servlet.ModelAndView org.springframework.boot.autoconfigure.web.servlet.error.BasicErrorController.errorHtml(javax.servlet.http.HttpServletRequest,javax.servlet.http.HttpServletResponse)
===2019-06-28 10:41:24.046 INFO  org.springframework.web.servlet.handler.SimpleUrlHandlerMapping Line:373 - Mapped URL path [/webjars/**] onto handler of type [class org.springframework.web.servlet.resource.ResourceHttpRequestHandler]
===2019-06-28 10:41:24.046 INFO  org.springframework.web.servlet.handler.SimpleUrlHandlerMapping Line:373 - Mapped URL path [/**] onto handler of type [class org.springframework.web.servlet.resource.ResourceHttpRequestHandler]
===2019-06-28 10:41:24.083 INFO  org.springframework.web.servlet.handler.SimpleUrlHandlerMapping Line:373 - Mapped URL path [/**/favicon.ico] onto handler of type [class org.springframework.web.servlet.resource.ResourceHttpRequestHandler]
===2019-06-28 10:41:24.242 INFO  org.springframework.jmx.export.annotation.AnnotationMBeanExporter Line:434 - Registering beans for JMX exposure on startup
===2019-06-28 10:41:24.257 INFO  org.apache.coyote.http11.Http11NioProtocol Line:180 - Starting ProtocolHandler ["http-nio-8001"]
===2019-06-28 10:41:24.276 INFO  org.apache.tomcat.util.net.NioSelectorPool Line:180 - Using a shared selector for servlet write/read
===2019-06-28 10:41:24.301 INFO  org.springframework.boot.web.embedded.tomcat.TomcatWebServer Line:205 - Tomcat started on port(s): 8001 (http) with context path '/godeye'
===2019-06-28 10:41:24.305 INFO  GodeyeStart Line:59  - Started GodeyeStart in 4.258 seconds (JVM running for 7.922)
===2019-06-28 10:47:14.324 INFO  org.apache.catalina.core.ContainerBase.[Tomcat].[localhost].[/godeye] Line:180 - Initializing Spring FrameworkServlet 'dispatcherServlet'
===2019-06-28 10:47:14.325 INFO  org.springframework.web.servlet.DispatcherServlet Line:494 - FrameworkServlet 'dispatcherServlet': initialization started
===2019-06-28 10:47:14.352 INFO  org.springframework.web.servlet.DispatcherServlet Line:513 - FrameworkServlet 'dispatcherServlet': initialization completed in 27 ms
===2019-06-28 14:27:56.725 INFO  GodeyeStart Line:50  - Starting GodeyeStart on DESKTOP-MB4R5RL with PID 20208 (D:\IDEAWorkSpace\other\godeye\target\classes started by Think in D:\IDEAWorkSpace\other\godeye)
===2019-06-28 14:27:56.730 INFO  GodeyeStart Line:652 - No active profile set, falling back to default profiles: default
===2019-06-28 14:27:56.809 INFO  org.springframework.boot.web.servlet.context.AnnotationConfigServletWebServerApplicationContext Line:589 - Refreshing org.springframework.boot.web.servlet.context.AnnotationConfigServletWebServerApplicationContext@6cf0e0ba: startup date [Fri Jun 28 14:27:56 CST 2019]; root of context hierarchy
===2019-06-28 14:27:58.252 INFO  org.springframework.boot.web.embedded.tomcat.TomcatWebServer Line:91  - Tomcat initialized with port(s): 8001 (http)
===2019-06-28 14:27:59.519 INFO  org.springframework.web.context.ContextLoader Line:285 - Root WebApplicationContext: initialization completed in 2710 ms
===2019-06-28 14:27:59.696 INFO  org.springframework.boot.web.servlet.ServletRegistrationBean Line:185 - Servlet dispatcherServlet mapped to [/]
===2019-06-28 14:27:59.700 INFO  org.springframework.boot.web.servlet.FilterRegistrationBean Line:243 - Mapping filter: 'characterEncodingFilter' to: [/*]
===2019-06-28 14:27:59.701 INFO  org.springframework.boot.web.servlet.FilterRegistrationBean Line:243 - Mapping filter: 'hiddenHttpMethodFilter' to: [/*]
===2019-06-28 14:27:59.702 INFO  org.springframework.boot.web.servlet.FilterRegistrationBean Line:243 - Mapping filter: 'httpPutFormContentFilter' to: [/*]
===2019-06-28 14:27:59.702 INFO  org.springframework.boot.web.servlet.FilterRegistrationBean Line:243 - Mapping filter: 'requestContextFilter' to: [/*]
===2019-06-28 14:28:00.025 INFO  org.springframework.web.servlet.mvc.method.annotation.RequestMappingHandlerAdapter Line:567 - Looking for @ControllerAdvice: org.springframework.boot.web.servlet.context.AnnotationConfigServletWebServerApplicationContext@6cf0e0ba: startup date [Fri Jun 28 14:27:56 CST 2019]; root of context hierarchy
===2019-06-28 14:28:00.089 INFO  org.springframework.web.servlet.mvc.method.annotation.RequestMappingHandlerMapping Line:548 - Mapped "{[/index/{streamId} || /INDEX/{streamId}],methods=[GET]}" onto public void CameraController.index(javax.servlet.http.HttpServletRequest,java.lang.Integer)
===2019-06-28 14:28:00.096 INFO  org.springframework.web.servlet.mvc.method.annotation.RequestMappingHandlerMapping Line:548 - Mapped "{[/error]}" onto public org.springframework.http.ResponseEntity<java.util.Map<java.lang.String, java.lang.Object>> org.springframework.boot.autoconfigure.web.servlet.error.BasicErrorController.error(javax.servlet.http.HttpServletRequest)
===2019-06-28 14:28:00.097 INFO  org.springframework.web.servlet.mvc.method.annotation.RequestMappingHandlerMapping Line:548 - Mapped "{[/error],produces=[text/html]}" onto public org.springframework.web.servlet.ModelAndView org.springframework.boot.autoconfigure.web.servlet.error.BasicErrorController.errorHtml(javax.servlet.http.HttpServletRequest,javax.servlet.http.HttpServletResponse)
===2019-06-28 14:28:00.130 INFO  org.springframework.web.servlet.handler.SimpleUrlHandlerMapping Line:373 - Mapped URL path [/webjars/**] onto handler of type [class org.springframework.web.servlet.resource.ResourceHttpRequestHandler]
===2019-06-28 14:28:00.131 INFO  org.springframework.web.servlet.handler.SimpleUrlHandlerMapping Line:373 - Mapped URL path [/**] onto handler of type [class org.springframework.web.servlet.resource.ResourceHttpRequestHandler]
===2019-06-28 14:28:00.167 INFO  org.springframework.web.servlet.handler.SimpleUrlHandlerMapping Line:373 - Mapped URL path [/**/favicon.ico] onto handler of type [class org.springframework.web.servlet.resource.ResourceHttpRequestHandler]
===2019-06-28 14:28:00.349 INFO  org.springframework.jmx.export.annotation.AnnotationMBeanExporter Line:434 - Registering beans for JMX exposure on startup
===2019-06-28 14:28:00.414 INFO  org.springframework.boot.web.embedded.tomcat.TomcatWebServer Line:205 - Tomcat started on port(s): 8001 (http) with context path '/godeye'
===2019-06-28 14:28:00.418 INFO  GodeyeStart Line:59  - Started GodeyeStart in 4.296 seconds (JVM running for 8.595)
===2019-06-28 14:31:58.820 INFO  GodeyeStart Line:50  - Starting GodeyeStart on DESKTOP-MB4R5RL with PID 25536 (D:\IDEAWorkSpace\other\godeye\target\classes started by Think in D:\IDEAWorkSpace\other\godeye)
===2019-06-28 14:31:58.827 INFO  GodeyeStart Line:652 - No active profile set, falling back to default profiles: default
===2019-06-28 14:31:58.916 INFO  org.springframework.boot.web.servlet.context.AnnotationConfigServletWebServerApplicationContext Line:589 - Refreshing org.springframework.boot.web.servlet.context.AnnotationConfigServletWebServerApplicationContext@3eb25e1a: startup date [Fri Jun 28 14:31:58 CST 2019]; root of context hierarchy
===2019-06-28 14:32:00.371 INFO  org.springframework.boot.web.embedded.tomcat.TomcatWebServer Line:91  - Tomcat initialized with port(s): 8001 (http)
===2019-06-28 14:32:00.388 INFO  org.apache.coyote.http11.Http11NioProtocol Line:180 - Initializing ProtocolHandler ["http-nio-8001"]
===2019-06-28 14:32:00.400 INFO  org.apache.catalina.core.StandardService Line:180 - Starting service [Tomcat]
===2019-06-28 14:32:00.401 INFO  org.apache.catalina.core.StandardEngine Line:180 - Starting Servlet Engine: Apache Tomcat/8.5.28
===2019-06-28 14:32:00.409 INFO  org.apache.catalina.core.AprLifecycleListener Line:180 - Loaded APR based Apache Tomcat Native library [1.2.16] using APR version [1.6.3].
===2019-06-28 14:32:00.410 INFO  org.apache.catalina.core.AprLifecycleListener Line:180 - APR capabilities: IPv6 [true], sendfile [true], accept filters [false], random [true].
===2019-06-28 14:32:00.410 INFO  org.apache.catalina.core.AprLifecycleListener Line:180 - APR/OpenSSL configuration: useAprConnector [false], useOpenSSL [true]
===2019-06-28 14:32:01.534 INFO  org.apache.catalina.core.AprLifecycleListener Line:180 - OpenSSL successfully initialized [OpenSSL 1.0.2m  2 Nov 2017]
===2019-06-28 14:32:01.670 INFO  org.apache.catalina.core.ContainerBase.[Tomcat].[localhost].[/godeye] Line:180 - Initializing Spring embedded WebApplicationContext
===2019-06-28 14:32:01.671 INFO  org.springframework.web.context.ContextLoader Line:285 - Root WebApplicationContext: initialization completed in 2756 ms
===2019-06-28 14:32:01.847 INFO  org.springframework.boot.web.servlet.ServletRegistrationBean Line:185 - Servlet dispatcherServlet mapped to [/]
===2019-06-28 14:32:01.854 INFO  org.springframework.boot.web.servlet.FilterRegistrationBean Line:243 - Mapping filter: 'characterEncodingFilter' to: [/*]
===2019-06-28 14:32:01.855 INFO  org.springframework.boot.web.servlet.FilterRegistrationBean Line:243 - Mapping filter: 'hiddenHttpMethodFilter' to: [/*]
===2019-06-28 14:32:01.855 INFO  org.springframework.boot.web.servlet.FilterRegistrationBean Line:243 - Mapping filter: 'httpPutFormContentFilter' to: [/*]
===2019-06-28 14:32:01.856 INFO  org.springframework.boot.web.servlet.FilterRegistrationBean Line:243 - Mapping filter: 'requestContextFilter' to: [/*]
===2019-06-28 14:32:02.253 INFO  org.springframework.web.servlet.mvc.method.annotation.RequestMappingHandlerAdapter Line:567 - Looking for @ControllerAdvice: org.springframework.boot.web.servlet.context.AnnotationConfigServletWebServerApplicationContext@3eb25e1a: startup date [Fri Jun 28 14:31:58 CST 2019]; root of context hierarchy
===2019-06-28 14:32:02.327 INFO  org.springframework.web.servlet.mvc.method.annotation.RequestMappingHandlerMapping Line:548 - Mapped "{[/index/{streamId} || /INDEX/{streamId}],methods=[GET]}" onto public void CameraController.index(javax.servlet.http.HttpServletRequest,java.lang.Integer)
===2019-06-28 14:32:02.335 INFO  org.springframework.web.servlet.mvc.method.annotation.RequestMappingHandlerMapping Line:548 - Mapped "{[/error]}" onto public org.springframework.http.ResponseEntity<java.util.Map<java.lang.String, java.lang.Object>> org.springframework.boot.autoconfigure.web.servlet.error.BasicErrorController.error(javax.servlet.http.HttpServletRequest)
===2019-06-28 14:32:02.337 INFO  org.springframework.web.servlet.mvc.method.annotation.RequestMappingHandlerMapping Line:548 - Mapped "{[/error],produces=[text/html]}" onto public org.springframework.web.servlet.ModelAndView org.springframework.boot.autoconfigure.web.servlet.error.BasicErrorController.errorHtml(javax.servlet.http.HttpServletRequest,javax.servlet.http.HttpServletResponse)
===2019-06-28 14:32:02.397 INFO  org.springframework.web.servlet.handler.SimpleUrlHandlerMapping Line:373 - Mapped URL path [/webjars/**] onto handler of type [class org.springframework.web.servlet.resource.ResourceHttpRequestHandler]
===2019-06-28 14:32:02.397 INFO  org.springframework.web.servlet.handler.SimpleUrlHandlerMapping Line:373 - Mapped URL path [/**] onto handler of type [class org.springframework.web.servlet.resource.ResourceHttpRequestHandler]
===2019-06-28 14:32:02.438 INFO  org.springframework.web.servlet.handler.SimpleUrlHandlerMapping Line:373 - Mapped URL path [/**/favicon.ico] onto handler of type [class org.springframework.web.servlet.resource.ResourceHttpRequestHandler]
===2019-06-28 14:32:02.643 INFO  org.springframework.jmx.export.annotation.AnnotationMBeanExporter Line:434 - Registering beans for JMX exposure on startup
===2019-06-28 14:32:02.671 INFO  org.apache.coyote.http11.Http11NioProtocol Line:180 - Starting ProtocolHandler ["http-nio-8001"]
===2019-06-28 14:32:02.698 INFO  org.apache.tomcat.util.net.NioSelectorPool Line:180 - Using a shared selector for servlet write/read
===2019-06-28 14:32:02.733 INFO  org.springframework.boot.web.embedded.tomcat.TomcatWebServer Line:205 - Tomcat started on port(s): 8001 (http) with context path '/godeye'
===2019-06-28 14:32:02.739 INFO  GodeyeStart Line:59  - Started GodeyeStart in 4.524 seconds (JVM running for 8.674)
===2019-06-28 14:43:25.024 INFO  GodeyeStart Line:50  - Starting GodeyeStart on DESKTOP-MB4R5RL with PID 16448 (D:\IDEAWorkSpace\other\godeye\target\classes started by Think in D:\IDEAWorkSpace\other\godeye)
===2019-06-28 14:43:25.030 INFO  GodeyeStart Line:652 - No active profile set, falling back to default profiles: default
===2019-06-28 14:43:25.108 INFO  org.springframework.boot.web.servlet.context.AnnotationConfigServletWebServerApplicationContext Line:589 - Refreshing org.springframework.boot.web.servlet.context.AnnotationConfigServletWebServerApplicationContext@3eb25e1a: startup date [Fri Jun 28 14:43:25 CST 2019]; root of context hierarchy
===2019-06-28 14:43:26.544 INFO  org.springframework.boot.web.embedded.tomcat.TomcatWebServer Line:91  - Tomcat initialized with port(s): 8001 (http)
===2019-06-28 14:43:26.567 INFO  org.apache.coyote.http11.Http11NioProtocol Line:180 - Initializing ProtocolHandler ["http-nio-8001"]
===2019-06-28 14:43:26.580 INFO  org.apache.catalina.core.StandardService Line:180 - Starting service [Tomcat]
===2019-06-28 14:43:26.581 INFO  org.apache.catalina.core.StandardEngine Line:180 - Starting Servlet Engine: Apache Tomcat/8.5.28
===2019-06-28 14:43:26.589 INFO  org.apache.catalina.core.AprLifecycleListener Line:180 - Loaded APR based Apache Tomcat Native library [1.2.16] using APR version [1.6.3].
===2019-06-28 14:43:26.589 INFO  org.apache.catalina.core.AprLifecycleListener Line:180 - APR capabilities: IPv6 [true], sendfile [true], accept filters [false], random [true].
===2019-06-28 14:43:26.590 INFO  org.apache.catalina.core.AprLifecycleListener Line:180 - APR/OpenSSL configuration: useAprConnector [false], useOpenSSL [true]
===2019-06-28 14:43:27.737 INFO  org.apache.catalina.core.AprLifecycleListener Line:180 - OpenSSL successfully initialized [OpenSSL 1.0.2m  2 Nov 2017]
===2019-06-28 14:43:27.864 INFO  org.apache.catalina.core.ContainerBase.[Tomcat].[localhost].[/godeye] Line:180 - Initializing Spring embedded WebApplicationContext
===2019-06-28 14:43:27.864 INFO  org.springframework.web.context.ContextLoader Line:285 - Root WebApplicationContext: initialization completed in 2757 ms
===2019-06-28 14:43:28.065 INFO  org.springframework.boot.web.servlet.ServletRegistrationBean Line:185 - Servlet dispatcherServlet mapped to [/]
===2019-06-28 14:43:28.071 INFO  org.springframework.boot.web.servlet.FilterRegistrationBean Line:243 - Mapping filter: 'characterEncodingFilter' to: [/*]
===2019-06-28 14:43:28.072 INFO  org.springframework.boot.web.servlet.FilterRegistrationBean Line:243 - Mapping filter: 'hiddenHttpMethodFilter' to: [/*]
===2019-06-28 14:43:28.072 INFO  org.springframework.boot.web.servlet.FilterRegistrationBean Line:243 - Mapping filter: 'httpPutFormContentFilter' to: [/*]
===2019-06-28 14:43:28.072 INFO  org.springframework.boot.web.servlet.FilterRegistrationBean Line:243 - Mapping filter: 'requestContextFilter' to: [/*]
===2019-06-28 14:43:28.491 INFO  org.springframework.web.servlet.mvc.method.annotation.RequestMappingHandlerAdapter Line:567 - Looking for @ControllerAdvice: org.springframework.boot.web.servlet.context.AnnotationConfigServletWebServerApplicationContext@3eb25e1a: startup date [Fri Jun 28 14:43:25 CST 2019]; root of context hierarchy
===2019-06-28 14:43:28.576 INFO  org.springframework.web.servlet.mvc.method.annotation.RequestMappingHandlerMapping Line:548 - Mapped "{[/index/{streamId} || /INDEX/{streamId}],methods=[GET]}" onto public void CameraController.index(javax.servlet.http.HttpServletRequest,java.lang.Integer)
===2019-06-28 14:43:28.584 INFO  org.springframework.web.servlet.mvc.method.annotation.RequestMappingHandlerMapping Line:548 - Mapped "{[/error]}" onto public org.springframework.http.ResponseEntity<java.util.Map<java.lang.String, java.lang.Object>> org.springframework.boot.autoconfigure.web.servlet.error.BasicErrorController.error(javax.servlet.http.HttpServletRequest)
===2019-06-28 14:43:28.586 INFO  org.springframework.web.servlet.mvc.method.annotation.RequestMappingHandlerMapping Line:548 - Mapped "{[/error],produces=[text/html]}" onto public org.springframework.web.servlet.ModelAndView org.springframework.boot.autoconfigure.web.servlet.error.BasicErrorController.errorHtml(javax.servlet.http.HttpServletRequest,javax.servlet.http.HttpServletResponse)
===2019-06-28 14:43:28.624 INFO  org.springframework.web.servlet.handler.SimpleUrlHandlerMapping Line:373 - Mapped URL path [/webjars/**] onto handler of type [class org.springframework.web.servlet.resource.ResourceHttpRequestHandler]
===2019-06-28 14:43:28.624 INFO  org.springframework.web.servlet.handler.SimpleUrlHandlerMapping Line:373 - Mapped URL path [/**] onto handler of type [class org.springframework.web.servlet.resource.ResourceHttpRequestHandler]
===2019-06-28 14:43:28.674 INFO  org.springframework.web.servlet.handler.SimpleUrlHandlerMapping Line:373 - Mapped URL path [/**/favicon.ico] onto handler of type [class org.springframework.web.servlet.resource.ResourceHttpRequestHandler]
===2019-06-28 14:43:28.886 INFO  org.springframework.jmx.export.annotation.AnnotationMBeanExporter Line:434 - Registering beans for JMX exposure on startup
===2019-06-28 14:43:28.903 INFO  org.apache.coyote.http11.Http11NioProtocol Line:180 - Starting ProtocolHandler ["http-nio-8001"]
===2019-06-28 14:43:28.923 INFO  org.apache.tomcat.util.net.NioSelectorPool Line:180 - Using a shared selector for servlet write/read
===2019-06-28 14:43:28.947 INFO  org.springframework.boot.web.embedded.tomcat.TomcatWebServer Line:205 - Tomcat started on port(s): 8001 (http) with context path '/godeye'
===2019-06-28 14:43:28.954 INFO  GodeyeStart Line:59  - Started GodeyeStart in 4.64 seconds (JVM running for 9.163)
===2019-06-28 14:45:49.936 INFO  GodeyeStart Line:50  - Starting GodeyeStart on DESKTOP-MB4R5RL with PID 17700 (D:\IDEAWorkSpace\other\godeye\target\classes started by Think in D:\IDEAWorkSpace\other\godeye)
===2019-06-28 14:45:49.946 INFO  GodeyeStart Line:652 - No active profile set, falling back to default profiles: default
===2019-06-28 14:45:50.041 INFO  org.springframework.boot.web.servlet.context.AnnotationConfigServletWebServerApplicationContext Line:589 - Refreshing org.springframework.boot.web.servlet.context.AnnotationConfigServletWebServerApplicationContext@3eb25e1a: startup date [Fri Jun 28 14:45:50 CST 2019]; root of context hierarchy
===2019-06-28 14:45:51.711 INFO  org.springframework.boot.web.embedded.tomcat.TomcatWebServer Line:91  - Tomcat initialized with port(s): 8001 (http)
===2019-06-28 14:45:51.729 INFO  org.apache.coyote.http11.Http11NioProtocol Line:180 - Initializing ProtocolHandler ["http-nio-8001"]
===2019-06-28 14:45:51.743 INFO  org.apache.catalina.core.StandardService Line:180 - Starting service [Tomcat]
===2019-06-28 14:45:51.743 INFO  org.apache.catalina.core.StandardEngine Line:180 - Starting Servlet Engine: Apache Tomcat/8.5.28
===2019-06-28 14:45:51.750 INFO  org.apache.catalina.core.AprLifecycleListener Line:180 - Loaded APR based Apache Tomcat Native library [1.2.16] using APR version [1.6.3].
===2019-06-28 14:45:51.751 INFO  org.apache.catalina.core.AprLifecycleListener Line:180 - APR capabilities: IPv6 [true], sendfile [true], accept filters [false], random [true].
===2019-06-28 14:45:51.751 INFO  org.apache.catalina.core.AprLifecycleListener Line:180 - APR/OpenSSL configuration: useAprConnector [false], useOpenSSL [true]
===2019-06-28 14:45:52.872 INFO  org.apache.catalina.core.AprLifecycleListener Line:180 - OpenSSL successfully initialized [OpenSSL 1.0.2m  2 Nov 2017]
===2019-06-28 14:45:52.986 INFO  org.apache.catalina.core.ContainerBase.[Tomcat].[localhost].[/godeye] Line:180 - Initializing Spring embedded WebApplicationContext
===2019-06-28 14:45:52.987 INFO  org.springframework.web.context.ContextLoader Line:285 - Root WebApplicationContext: initialization completed in 2946 ms
===2019-06-28 14:45:53.159 INFO  org.springframework.boot.web.servlet.ServletRegistrationBean Line:185 - Servlet dispatcherServlet mapped to [/]
===2019-06-28 14:45:53.164 INFO  org.springframework.boot.web.servlet.FilterRegistrationBean Line:243 - Mapping filter: 'characterEncodingFilter' to: [/*]
===2019-06-28 14:45:53.165 INFO  org.springframework.boot.web.servlet.FilterRegistrationBean Line:243 - Mapping filter: 'hiddenHttpMethodFilter' to: [/*]
===2019-06-28 14:45:53.166 INFO  org.springframework.boot.web.servlet.FilterRegistrationBean Line:243 - Mapping filter: 'httpPutFormContentFilter' to: [/*]
===2019-06-28 14:45:53.166 INFO  org.springframework.boot.web.servlet.FilterRegistrationBean Line:243 - Mapping filter: 'requestContextFilter' to: [/*]
===2019-06-28 14:45:53.495 INFO  org.springframework.web.servlet.mvc.method.annotation.RequestMappingHandlerAdapter Line:567 - Looking for @ControllerAdvice: org.springframework.boot.web.servlet.context.AnnotationConfigServletWebServerApplicationContext@3eb25e1a: startup date [Fri Jun 28 14:45:50 CST 2019]; root of context hierarchy
===2019-06-28 14:45:53.560 INFO  org.springframework.web.servlet.mvc.method.annotation.RequestMappingHandlerMapping Line:548 - Mapped "{[/index/{streamId} || /INDEX/{streamId}],methods=[GET]}" onto public void CameraController.index(javax.servlet.http.HttpServletRequest,java.lang.Integer)
===2019-06-28 14:45:53.566 INFO  org.springframework.web.servlet.mvc.method.annotation.RequestMappingHandlerMapping Line:548 - Mapped "{[/error]}" onto public org.springframework.http.ResponseEntity<java.util.Map<java.lang.String, java.lang.Object>> org.springframework.boot.autoconfigure.web.servlet.error.BasicErrorController.error(javax.servlet.http.HttpServletRequest)
===2019-06-28 14:45:53.568 INFO  org.springframework.web.servlet.mvc.method.annotation.RequestMappingHandlerMapping Line:548 - Mapped "{[/error],produces=[text/html]}" onto public org.springframework.web.servlet.ModelAndView org.springframework.boot.autoconfigure.web.servlet.error.BasicErrorController.errorHtml(javax.servlet.http.HttpServletRequest,javax.servlet.http.HttpServletResponse)
===2019-06-28 14:45:53.602 INFO  org.springframework.web.servlet.handler.SimpleUrlHandlerMapping Line:373 - Mapped URL path [/webjars/**] onto handler of type [class org.springframework.web.servlet.resource.ResourceHttpRequestHandler]
===2019-06-28 14:45:53.603 INFO  org.springframework.web.servlet.handler.SimpleUrlHandlerMapping Line:373 - Mapped URL path [/**] onto handler of type [class org.springframework.web.servlet.resource.ResourceHttpRequestHandler]
===2019-06-28 14:45:53.642 INFO  org.springframework.web.servlet.handler.SimpleUrlHandlerMapping Line:373 - Mapped URL path [/**/favicon.ico] onto handler of type [class org.springframework.web.servlet.resource.ResourceHttpRequestHandler]
===2019-06-28 14:45:53.809 INFO  org.springframework.jmx.export.annotation.AnnotationMBeanExporter Line:434 - Registering beans for JMX exposure on startup
===2019-06-28 14:45:53.826 INFO  org.apache.coyote.http11.Http11NioProtocol Line:180 - Starting ProtocolHandler ["http-nio-8001"]
===2019-06-28 14:45:53.846 INFO  org.apache.tomcat.util.net.NioSelectorPool Line:180 - Using a shared selector for servlet write/read
===2019-06-28 14:45:53.873 INFO  org.springframework.boot.web.embedded.tomcat.TomcatWebServer Line:205 - Tomcat started on port(s): 8001 (http) with context path '/godeye'
===2019-06-28 14:45:53.877 INFO  GodeyeStart Line:59  - Started GodeyeStart in 4.648 seconds (JVM running for 9.37)
===2019-06-28 14:50:08.381 INFO  GodeyeStart Line:50  - Starting GodeyeStart on DESKTOP-MB4R5RL with PID 9276 (D:\IDEAWorkSpace\other\godeye\target\classes started by Think in D:\IDEAWorkSpace\other\godeye)
===2019-06-28 14:50:08.386 INFO  GodeyeStart Line:652 - No active profile set, falling back to default profiles: default
===2019-06-28 14:50:08.457 INFO  org.springframework.boot.web.servlet.context.AnnotationConfigServletWebServerApplicationContext Line:589 - Refreshing org.springframework.boot.web.servlet.context.AnnotationConfigServletWebServerApplicationContext@6743e411: startup date [Fri Jun 28 14:50:08 CST 2019]; root of context hierarchy
===2019-06-28 14:50:10.069 INFO  org.springframework.boot.web.embedded.tomcat.TomcatWebServer Line:91  - Tomcat initialized with port(s): 8001 (http)
===2019-06-28 14:50:10.090 INFO  org.apache.coyote.http11.Http11NioProtocol Line:180 - Initializing ProtocolHandler ["http-nio-8001"]
===2019-06-28 14:50:10.103 INFO  org.apache.catalina.core.StandardService Line:180 - Starting service [Tomcat]
===2019-06-28 14:50:10.104 INFO  org.apache.catalina.core.StandardEngine Line:180 - Starting Servlet Engine: Apache Tomcat/8.5.28
===2019-06-28 14:50:10.112 INFO  org.apache.catalina.core.AprLifecycleListener Line:180 - Loaded APR based Apache Tomcat Native library [1.2.16] using APR version [1.6.3].
===2019-06-28 14:50:10.113 INFO  org.apache.catalina.core.AprLifecycleListener Line:180 - APR capabilities: IPv6 [true], sendfile [true], accept filters [false], random [true].
===2019-06-28 14:50:10.113 INFO  org.apache.catalina.core.AprLifecycleListener Line:180 - APR/OpenSSL configuration: useAprConnector [false], useOpenSSL [true]
===2019-06-28 14:50:11.221 INFO  org.apache.catalina.core.AprLifecycleListener Line:180 - OpenSSL successfully initialized [OpenSSL 1.0.2m  2 Nov 2017]
===2019-06-28 14:50:11.339 INFO  org.apache.catalina.core.ContainerBase.[Tomcat].[localhost].[/godeye] Line:180 - Initializing Spring embedded WebApplicationContext
===2019-06-28 14:50:11.340 INFO  org.springframework.web.context.ContextLoader Line:285 - Root WebApplicationContext: initialization completed in 2883 ms
===2019-06-28 14:50:11.509 INFO  org.springframework.boot.web.servlet.ServletRegistrationBean Line:185 - Servlet dispatcherServlet mapped to [/]
===2019-06-28 14:50:11.514 INFO  org.springframework.boot.web.servlet.FilterRegistrationBean Line:243 - Mapping filter: 'characterEncodingFilter' to: [/*]
===2019-06-28 14:50:11.515 INFO  org.springframework.boot.web.servlet.FilterRegistrationBean Line:243 - Mapping filter: 'hiddenHttpMethodFilter' to: [/*]
===2019-06-28 14:50:11.515 INFO  org.springframework.boot.web.servlet.FilterRegistrationBean Line:243 - Mapping filter: 'httpPutFormContentFilter' to: [/*]
===2019-06-28 14:50:11.516 INFO  org.springframework.boot.web.servlet.FilterRegistrationBean Line:243 - Mapping filter: 'requestContextFilter' to: [/*]
===2019-06-28 14:50:11.836 INFO  org.springframework.web.servlet.mvc.method.annotation.RequestMappingHandlerAdapter Line:567 - Looking for @ControllerAdvice: org.springframework.boot.web.servlet.context.AnnotationConfigServletWebServerApplicationContext@6743e411: startup date [Fri Jun 28 14:50:08 CST 2019]; root of context hierarchy
===2019-06-28 14:50:11.900 INFO  org.springframework.web.servlet.mvc.method.annotation.RequestMappingHandlerMapping Line:548 - Mapped "{[/index/{streamId} || /INDEX/{streamId}],methods=[GET]}" onto public void CameraController.index(javax.servlet.http.HttpServletRequest,java.lang.Integer)
===2019-06-28 14:50:11.906 INFO  org.springframework.web.servlet.mvc.method.annotation.RequestMappingHandlerMapping Line:548 - Mapped "{[/error]}" onto public org.springframework.http.ResponseEntity<java.util.Map<java.lang.String, java.lang.Object>> org.springframework.boot.autoconfigure.web.servlet.error.BasicErrorController.error(javax.servlet.http.HttpServletRequest)
===2019-06-28 14:50:11.908 INFO  org.springframework.web.servlet.mvc.method.annotation.RequestMappingHandlerMapping Line:548 - Mapped "{[/error],produces=[text/html]}" onto public org.springframework.web.servlet.ModelAndView org.springframework.boot.autoconfigure.web.servlet.error.BasicErrorController.errorHtml(javax.servlet.http.HttpServletRequest,javax.servlet.http.HttpServletResponse)
===2019-06-28 14:50:11.944 INFO  org.springframework.web.servlet.handler.SimpleUrlHandlerMapping Line:373 - Mapped URL path [/webjars/**] onto handler of type [class org.springframework.web.servlet.resource.ResourceHttpRequestHandler]
===2019-06-28 14:50:11.944 INFO  org.springframework.web.servlet.handler.SimpleUrlHandlerMapping Line:373 - Mapped URL path [/**] onto handler of type [class org.springframework.web.servlet.resource.ResourceHttpRequestHandler]
===2019-06-28 14:50:11.983 INFO  org.springframework.web.servlet.handler.SimpleUrlHandlerMapping Line:373 - Mapped URL path [/**/favicon.ico] onto handler of type [class org.springframework.web.servlet.resource.ResourceHttpRequestHandler]
===2019-06-28 14:50:12.168 INFO  org.springframework.jmx.export.annotation.AnnotationMBeanExporter Line:434 - Registering beans for JMX exposure on startup
===2019-06-28 14:50:12.185 INFO  org.apache.coyote.http11.Http11NioProtocol Line:180 - Starting ProtocolHandler ["http-nio-8001"]
===2019-06-28 14:50:12.204 INFO  org.apache.tomcat.util.net.NioSelectorPool Line:180 - Using a shared selector for servlet write/read
===2019-06-28 14:50:12.228 INFO  org.springframework.boot.web.embedded.tomcat.TomcatWebServer Line:205 - Tomcat started on port(s): 8001 (http) with context path '/godeye'
===2019-06-28 14:50:12.232 INFO  GodeyeStart Line:59  - Started GodeyeStart in 4.472 seconds (JVM running for 8.373)
===2019-06-28 14:55:14.807 INFO  GodeyeStart Line:50  - Starting GodeyeStart on DESKTOP-MB4R5RL with PID 11324 (D:\IDEAWorkSpace\other\godeye\target\classes started by Think in D:\IDEAWorkSpace\other\godeye)
===2019-06-28 14:55:14.820 INFO  GodeyeStart Line:652 - No active profile set, falling back to default profiles: default
===2019-06-28 14:55:14.929 INFO  org.springframework.boot.web.servlet.context.AnnotationConfigServletWebServerApplicationContext Line:589 - Refreshing org.springframework.boot.web.servlet.context.AnnotationConfigServletWebServerApplicationContext@3eb25e1a: startup date [Fri Jun 28 14:55:14 CST 2019]; root of context hierarchy
===2019-06-28 14:55:16.935 INFO  org.springframework.boot.web.embedded.tomcat.TomcatWebServer Line:91  - Tomcat initialized with port(s): 8001 (http)
===2019-06-28 14:55:16.963 INFO  org.apache.coyote.http11.Http11NioProtocol Line:180 - Initializing ProtocolHandler ["http-nio-8001"]
===2019-06-28 14:55:16.983 INFO  org.apache.catalina.core.StandardService Line:180 - Starting service [Tomcat]
===2019-06-28 14:55:16.984 INFO  org.apache.catalina.core.StandardEngine Line:180 - Starting Servlet Engine: Apache Tomcat/8.5.28
===2019-06-28 14:55:16.994 INFO  org.apache.catalina.core.AprLifecycleListener Line:180 - Loaded APR based Apache Tomcat Native library [1.2.16] using APR version [1.6.3].
===2019-06-28 14:55:16.995 INFO  org.apache.catalina.core.AprLifecycleListener Line:180 - APR capabilities: IPv6 [true], sendfile [true], accept filters [false], random [true].
===2019-06-28 14:55:16.995 INFO  org.apache.catalina.core.AprLifecycleListener Line:180 - APR/OpenSSL configuration: useAprConnector [false], useOpenSSL [true]
===2019-06-28 14:55:18.143 INFO  org.apache.catalina.core.AprLifecycleListener Line:180 - OpenSSL successfully initialized [OpenSSL 1.0.2m  2 Nov 2017]
===2019-06-28 14:55:18.309 INFO  org.apache.catalina.core.ContainerBase.[Tomcat].[localhost].[/godeye] Line:180 - Initializing Spring embedded WebApplicationContext
===2019-06-28 14:55:18.309 INFO  org.springframework.web.context.ContextLoader Line:285 - Root WebApplicationContext: initialization completed in 3380 ms
===2019-06-28 14:55:18.567 INFO  org.springframework.boot.web.servlet.ServletRegistrationBean Line:185 - Servlet dispatcherServlet mapped to [/]
===2019-06-28 14:55:18.575 INFO  org.springframework.boot.web.servlet.FilterRegistrationBean Line:243 - Mapping filter: 'characterEncodingFilter' to: [/*]
===2019-06-28 14:55:18.576 INFO  org.springframework.boot.web.servlet.FilterRegistrationBean Line:243 - Mapping filter: 'hiddenHttpMethodFilter' to: [/*]
===2019-06-28 14:55:18.576 INFO  org.springframework.boot.web.servlet.FilterRegistrationBean Line:243 - Mapping filter: 'httpPutFormContentFilter' to: [/*]
===2019-06-28 14:55:18.577 INFO  org.springframework.boot.web.servlet.FilterRegistrationBean Line:243 - Mapping filter: 'requestContextFilter' to: [/*]
===2019-06-28 14:55:19.083 INFO  org.springframework.web.servlet.mvc.method.annotation.RequestMappingHandlerAdapter Line:567 - Looking for @ControllerAdvice: org.springframework.boot.web.servlet.context.AnnotationConfigServletWebServerApplicationContext@3eb25e1a: startup date [Fri Jun 28 14:55:14 CST 2019]; root of context hierarchy
===2019-06-28 14:55:19.165 INFO  org.springframework.web.servlet.mvc.method.annotation.RequestMappingHandlerMapping Line:548 - Mapped "{[/index/{streamId} || /INDEX/{streamId}],methods=[GET]}" onto public void CameraController.index(javax.servlet.http.HttpServletRequest,java.lang.Integer)
===2019-06-28 14:55:19.174 INFO  org.springframework.web.servlet.mvc.method.annotation.RequestMappingHandlerMapping Line:548 - Mapped "{[/error]}" onto public org.springframework.http.ResponseEntity<java.util.Map<java.lang.String, java.lang.Object>> org.springframework.boot.autoconfigure.web.servlet.error.BasicErrorController.error(javax.servlet.http.HttpServletRequest)
===2019-06-28 14:55:19.177 INFO  org.springframework.web.servlet.mvc.method.annotation.RequestMappingHandlerMapping Line:548 - Mapped "{[/error],produces=[text/html]}" onto public org.springframework.web.servlet.ModelAndView org.springframework.boot.autoconfigure.web.servlet.error.BasicErrorController.errorHtml(javax.servlet.http.HttpServletRequest,javax.servlet.http.HttpServletResponse)
===2019-06-28 14:55:19.229 INFO  org.springframework.web.servlet.handler.SimpleUrlHandlerMapping Line:373 - Mapped URL path [/webjars/**] onto handler of type [class org.springframework.web.servlet.resource.ResourceHttpRequestHandler]
===2019-06-28 14:55:19.230 INFO  org.springframework.web.servlet.handler.SimpleUrlHandlerMapping Line:373 - Mapped URL path [/**] onto handler of type [class org.springframework.web.servlet.resource.ResourceHttpRequestHandler]
===2019-06-28 14:55:19.296 INFO  org.springframework.web.servlet.handler.SimpleUrlHandlerMapping Line:373 - Mapped URL path [/**/favicon.ico] onto handler of type [class org.springframework.web.servlet.resource.ResourceHttpRequestHandler]
===2019-06-28 14:55:19.554 INFO  org.springframework.jmx.export.annotation.AnnotationMBeanExporter Line:434 - Registering beans for JMX exposure on startup
===2019-06-28 14:55:19.578 INFO  org.apache.coyote.http11.Http11NioProtocol Line:180 - Starting ProtocolHandler ["http-nio-8001"]
===2019-06-28 14:55:19.604 INFO  org.apache.tomcat.util.net.NioSelectorPool Line:180 - Using a shared selector for servlet write/read
===2019-06-28 14:55:19.640 INFO  org.springframework.boot.web.embedded.tomcat.TomcatWebServer Line:205 - Tomcat started on port(s): 8001 (http) with context path '/godeye'
===2019-06-28 14:55:19.646 INFO  GodeyeStart Line:59  - Started GodeyeStart in 5.605 seconds (JVM running for 11.338)
===2019-06-28 15:04:09.913 INFO  GodeyeStart Line:50  - Starting GodeyeStart on DESKTOP-MB4R5RL with PID 8952 (D:\IDEAWorkSpace\other\godeye\target\classes started by Think in D:\IDEAWorkSpace\other\godeye)
===2019-06-28 15:04:09.935 INFO  GodeyeStart Line:652 - No active profile set, falling back to default profiles: default
===2019-06-28 15:04:10.025 INFO  org.springframework.boot.web.servlet.context.AnnotationConfigServletWebServerApplicationContext Line:589 - Refreshing org.springframework.boot.web.servlet.context.AnnotationConfigServletWebServerApplicationContext@6a6cb05c: startup date [Fri Jun 28 15:04:10 CST 2019]; root of context hierarchy
===2019-06-28 15:04:11.558 INFO  org.springframework.boot.web.embedded.tomcat.TomcatWebServer Line:91  - Tomcat initialized with port(s): 8001 (http)
===2019-06-28 15:04:11.575 INFO  org.apache.coyote.http11.Http11NioProtocol Line:180 - Initializing ProtocolHandler ["http-nio-8001"]
===2019-06-28 15:04:11.587 INFO  org.apache.catalina.core.StandardService Line:180 - Starting service [Tomcat]
===2019-06-28 15:04:11.588 INFO  org.apache.catalina.core.StandardEngine Line:180 - Starting Servlet Engine: Apache Tomcat/8.5.28
===2019-06-28 15:04:11.594 INFO  org.apache.catalina.core.AprLifecycleListener Line:180 - Loaded APR based Apache Tomcat Native library [1.2.16] using APR version [1.6.3].
===2019-06-28 15:04:11.595 INFO  org.apache.catalina.core.AprLifecycleListener Line:180 - APR capabilities: IPv6 [true], sendfile [true], accept filters [false], random [true].
===2019-06-28 15:04:11.595 INFO  org.apache.catalina.core.AprLifecycleListener Line:180 - APR/OpenSSL configuration: useAprConnector [false], useOpenSSL [true]
===2019-06-28 15:04:12.718 INFO  org.apache.catalina.core.AprLifecycleListener Line:180 - OpenSSL successfully initialized [OpenSSL 1.0.2m  2 Nov 2017]
===2019-06-28 15:04:12.831 INFO  org.apache.catalina.core.ContainerBase.[Tomcat].[localhost].[/godeye] Line:180 - Initializing Spring embedded WebApplicationContext
===2019-06-28 15:04:12.831 INFO  org.springframework.web.context.ContextLoader Line:285 - Root WebApplicationContext: initialization completed in 2807 ms
===2019-06-28 15:04:13.002 INFO  org.springframework.boot.web.servlet.ServletRegistrationBean Line:185 - Servlet dispatcherServlet mapped to [/]
===2019-06-28 15:04:13.007 INFO  org.springframework.boot.web.servlet.FilterRegistrationBean Line:243 - Mapping filter: 'characterEncodingFilter' to: [/*]
===2019-06-28 15:04:13.009 INFO  org.springframework.boot.web.servlet.FilterRegistrationBean Line:243 - Mapping filter: 'hiddenHttpMethodFilter' to: [/*]
===2019-06-28 15:04:13.009 INFO  org.springframework.boot.web.servlet.FilterRegistrationBean Line:243 - Mapping filter: 'httpPutFormContentFilter' to: [/*]
===2019-06-28 15:04:13.010 INFO  org.springframework.boot.web.servlet.FilterRegistrationBean Line:243 - Mapping filter: 'requestContextFilter' to: [/*]
===2019-06-28 15:04:13.329 INFO  org.springframework.web.servlet.mvc.method.annotation.RequestMappingHandlerAdapter Line:567 - Looking for @ControllerAdvice: org.springframework.boot.web.servlet.context.AnnotationConfigServletWebServerApplicationContext@6a6cb05c: startup date [Fri Jun 28 15:04:10 CST 2019]; root of context hierarchy
===2019-06-28 15:04:13.394 INFO  org.springframework.web.servlet.mvc.method.annotation.RequestMappingHandlerMapping Line:548 - Mapped "{[/index/{streamId} || /INDEX/{streamId}],methods=[GET]}" onto public void CameraController.index(javax.servlet.http.HttpServletRequest,java.lang.Integer)
===2019-06-28 15:04:13.400 INFO  org.springframework.web.servlet.mvc.method.annotation.RequestMappingHandlerMapping Line:548 - Mapped "{[/error]}" onto public org.springframework.http.ResponseEntity<java.util.Map<java.lang.String, java.lang.Object>> org.springframework.boot.autoconfigure.web.servlet.error.BasicErrorController.error(javax.servlet.http.HttpServletRequest)
===2019-06-28 15:04:13.401 INFO  org.springframework.web.servlet.mvc.method.annotation.RequestMappingHandlerMapping Line:548 - Mapped "{[/error],produces=[text/html]}" onto public org.springframework.web.servlet.ModelAndView org.springframework.boot.autoconfigure.web.servlet.error.BasicErrorController.errorHtml(javax.servlet.http.HttpServletRequest,javax.servlet.http.HttpServletResponse)
===2019-06-28 15:04:13.436 INFO  org.springframework.web.servlet.handler.SimpleUrlHandlerMapping Line:373 - Mapped URL path [/webjars/**] onto handler of type [class org.springframework.web.servlet.resource.ResourceHttpRequestHandler]
===2019-06-28 15:04:13.436 INFO  org.springframework.web.servlet.handler.SimpleUrlHandlerMapping Line:373 - Mapped URL path [/**] onto handler of type [class org.springframework.web.servlet.resource.ResourceHttpRequestHandler]
===2019-06-28 15:04:13.477 INFO  org.springframework.web.servlet.handler.SimpleUrlHandlerMapping Line:373 - Mapped URL path [/**/favicon.ico] onto handler of type [class org.springframework.web.servlet.resource.ResourceHttpRequestHandler]
===2019-06-28 15:04:13.656 INFO  org.springframework.jmx.export.annotation.AnnotationMBeanExporter Line:434 - Registering beans for JMX exposure on startup
===2019-06-28 15:04:13.676 INFO  org.apache.coyote.http11.Http11NioProtocol Line:180 - Starting ProtocolHandler ["http-nio-8001"]
===2019-06-28 15:04:13.695 INFO  org.apache.tomcat.util.net.NioSelectorPool Line:180 - Using a shared selector for servlet write/read
===2019-06-28 15:04:13.718 INFO  org.springframework.boot.web.embedded.tomcat.TomcatWebServer Line:205 - Tomcat started on port(s): 8001 (http) with context path '/godeye'
===2019-06-28 15:04:13.722 INFO  GodeyeStart Line:59  - Started GodeyeStart in 4.498 seconds (JVM running for 8.528)
===2019-06-28 15:18:41.560 INFO  GodeyeStart Line:50  - Starting GodeyeStart on DESKTOP-MB4R5RL with PID 21528 (D:\IDEAWorkSpace\other\godeye\target\classes started by Think in D:\IDEAWorkSpace\other\godeye)
===2019-06-28 15:18:41.567 INFO  GodeyeStart Line:652 - No active profile set, falling back to default profiles: default
===2019-06-28 15:18:41.660 INFO  org.springframework.boot.web.servlet.context.AnnotationConfigServletWebServerApplicationContext Line:589 - Refreshing org.springframework.boot.web.servlet.context.AnnotationConfigServletWebServerApplicationContext@6025e1b6: startup date [Fri Jun 28 15:18:41 CST 2019]; root of context hierarchy
===2019-06-28 15:18:43.156 INFO  org.springframework.boot.web.embedded.tomcat.TomcatWebServer Line:91  - Tomcat initialized with port(s): 8001 (http)
===2019-06-28 15:18:43.172 INFO  org.apache.coyote.http11.Http11NioProtocol Line:180 - Initializing ProtocolHandler ["http-nio-8001"]
===2019-06-28 15:18:43.185 INFO  org.apache.catalina.core.StandardService Line:180 - Starting service [Tomcat]
===2019-06-28 15:18:43.185 INFO  org.apache.catalina.core.StandardEngine Line:180 - Starting Servlet Engine: Apache Tomcat/8.5.28
===2019-06-28 15:18:43.193 INFO  org.apache.catalina.core.AprLifecycleListener Line:180 - Loaded APR based Apache Tomcat Native library [1.2.16] using APR version [1.6.3].
===2019-06-28 15:18:43.193 INFO  org.apache.catalina.core.AprLifecycleListener Line:180 - APR capabilities: IPv6 [true], sendfile [true], accept filters [false], random [true].
===2019-06-28 15:18:43.194 INFO  org.apache.catalina.core.AprLifecycleListener Line:180 - APR/OpenSSL configuration: useAprConnector [false], useOpenSSL [true]
===2019-06-28 15:18:44.322 INFO  org.apache.catalina.core.AprLifecycleListener Line:180 - OpenSSL successfully initialized [OpenSSL 1.0.2m  2 Nov 2017]
===2019-06-28 15:18:44.431 INFO  org.apache.catalina.core.ContainerBase.[Tomcat].[localhost].[/godeye] Line:180 - Initializing Spring embedded WebApplicationContext
===2019-06-28 15:18:44.431 INFO  org.springframework.web.context.ContextLoader Line:285 - Root WebApplicationContext: initialization completed in 2771 ms
===2019-06-28 15:18:44.601 INFO  org.springframework.boot.web.servlet.ServletRegistrationBean Line:185 - Servlet dispatcherServlet mapped to [/]
===2019-06-28 15:18:44.606 INFO  org.springframework.boot.web.servlet.FilterRegistrationBean Line:243 - Mapping filter: 'characterEncodingFilter' to: [/*]
===2019-06-28 15:18:44.606 INFO  org.springframework.boot.web.servlet.FilterRegistrationBean Line:243 - Mapping filter: 'hiddenHttpMethodFilter' to: [/*]
===2019-06-28 15:18:44.607 INFO  org.springframework.boot.web.servlet.FilterRegistrationBean Line:243 - Mapping filter: 'httpPutFormContentFilter' to: [/*]
===2019-06-28 15:18:44.607 INFO  org.springframework.boot.web.servlet.FilterRegistrationBean Line:243 - Mapping filter: 'requestContextFilter' to: [/*]
===2019-06-28 15:18:44.966 INFO  org.springframework.web.servlet.mvc.method.annotation.RequestMappingHandlerAdapter Line:567 - Looking for @ControllerAdvice: org.springframework.boot.web.servlet.context.AnnotationConfigServletWebServerApplicationContext@6025e1b6: startup date [Fri Jun 28 15:18:41 CST 2019]; root of context hierarchy
===2019-06-28 15:18:45.036 INFO  org.springframework.web.servlet.mvc.method.annotation.RequestMappingHandlerMapping Line:548 - Mapped "{[/index/{streamId} || /INDEX/{streamId}],methods=[GET]}" onto public void CameraController.index(javax.servlet.http.HttpServletRequest,java.lang.Integer)
===2019-06-28 15:18:45.043 INFO  org.springframework.web.servlet.mvc.method.annotation.RequestMappingHandlerMapping Line:548 - Mapped "{[/error]}" onto public org.springframework.http.ResponseEntity<java.util.Map<java.lang.String, java.lang.Object>> org.springframework.boot.autoconfigure.web.servlet.error.BasicErrorController.error(javax.servlet.http.HttpServletRequest)
===2019-06-28 15:18:45.044 INFO  org.springframework.web.servlet.mvc.method.annotation.RequestMappingHandlerMapping Line:548 - Mapped "{[/error],produces=[text/html]}" onto public org.springframework.web.servlet.ModelAndView org.springframework.boot.autoconfigure.web.servlet.error.BasicErrorController.errorHtml(javax.servlet.http.HttpServletRequest,javax.servlet.http.HttpServletResponse)
===2019-06-28 15:18:45.080 INFO  org.springframework.web.servlet.handler.SimpleUrlHandlerMapping Line:373 - Mapped URL path [/webjars/**] onto handler of type [class org.springframework.web.servlet.resource.ResourceHttpRequestHandler]
===2019-06-28 15:18:45.081 INFO  org.springframework.web.servlet.handler.SimpleUrlHandlerMapping Line:373 - Mapped URL path [/**] onto handler of type [class org.springframework.web.servlet.resource.ResourceHttpRequestHandler]
===2019-06-28 15:18:45.119 INFO  org.springframework.web.servlet.handler.SimpleUrlHandlerMapping Line:373 - Mapped URL path [/**/favicon.ico] onto handler of type [class org.springframework.web.servlet.resource.ResourceHttpRequestHandler]
===2019-06-28 15:18:45.306 INFO  org.springframework.jmx.export.annotation.AnnotationMBeanExporter Line:434 - Registering beans for JMX exposure on startup
===2019-06-28 15:18:45.323 INFO  org.apache.coyote.http11.Http11NioProtocol Line:180 - Starting ProtocolHandler ["http-nio-8001"]
===2019-06-28 15:18:45.342 INFO  org.apache.tomcat.util.net.NioSelectorPool Line:180 - Using a shared selector for servlet write/read
===2019-06-28 15:18:45.367 INFO  org.springframework.boot.web.embedded.tomcat.TomcatWebServer Line:205 - Tomcat started on port(s): 8001 (http) with context path '/godeye'
===2019-06-28 15:18:45.371 INFO  GodeyeStart Line:59  - Started GodeyeStart in 4.475 seconds (JVM running for 8.515)
===2019-06-28 15:21:32.120 INFO  GodeyeStart Line:50  - Starting GodeyeStart on DESKTOP-MB4R5RL with PID 17856 (D:\IDEAWorkSpace\other\godeye\target\classes started by Think in D:\IDEAWorkSpace\other\godeye)
===2019-06-28 15:21:32.129 INFO  GodeyeStart Line:654 - No active profile set, falling back to default profiles: default
===2019-06-28 15:21:32.234 INFO  org.springframework.boot.web.servlet.context.AnnotationConfigServletWebServerApplicationContext Line:588 - Refreshing org.springframework.boot.web.servlet.context.AnnotationConfigServletWebServerApplicationContext@4802796d: startup date [Fri Jun 28 15:21:32 CST 2019]; root of context hierarchy
===2019-06-28 15:21:34.020 INFO  org.springframework.boot.web.embedded.tomcat.TomcatWebServer Line:91  - Tomcat initialized with port(s): 8001 (http)
===2019-06-28 15:21:34.042 INFO  org.apache.coyote.http11.Http11NioProtocol Line:180 - Initializing ProtocolHandler ["http-nio-8001"]
===2019-06-28 15:21:34.062 INFO  org.apache.catalina.core.StandardService Line:180 - Starting service [Tomcat]
===2019-06-28 15:21:34.064 INFO  org.apache.catalina.core.StandardEngine Line:180 - Starting Servlet Engine: Apache Tomcat/8.5.34
===2019-06-28 15:21:34.072 INFO  org.apache.catalina.core.AprLifecycleListener Line:180 - Loaded APR based Apache Tomcat Native library [1.2.16] using APR version [1.6.3].
===2019-06-28 15:21:34.073 INFO  org.apache.catalina.core.AprLifecycleListener Line:180 - APR capabilities: IPv6 [true], sendfile [true], accept filters [false], random [true].
===2019-06-28 15:21:34.073 INFO  org.apache.catalina.core.AprLifecycleListener Line:180 - APR/OpenSSL configuration: useAprConnector [false], useOpenSSL [true]
===2019-06-28 15:21:35.207 INFO  org.apache.catalina.core.AprLifecycleListener Line:180 - OpenSSL successfully initialized [OpenSSL 1.0.2m  2 Nov 2017]
===2019-06-28 15:21:35.349 INFO  org.apache.catalina.core.ContainerBase.[Tomcat].[localhost].[/godeye] Line:180 - Initializing Spring embedded WebApplicationContext
===2019-06-28 15:21:35.350 INFO  org.springframework.web.context.ContextLoader Line:285 - Root WebApplicationContext: initialization completed in 3117 ms
===2019-06-28 15:21:35.447 INFO  org.springframework.boot.web.servlet.ServletRegistrationBean Line:187 - Servlet dispatcherServlet mapped to [/]
===2019-06-28 15:21:35.454 INFO  org.springframework.boot.web.servlet.FilterRegistrationBean Line:245 - Mapping filter: 'characterEncodingFilter' to: [/*]
===2019-06-28 15:21:35.456 INFO  org.springframework.boot.web.servlet.FilterRegistrationBean Line:245 - Mapping filter: 'hiddenHttpMethodFilter' to: [/*]
===2019-06-28 15:21:35.457 INFO  org.springframework.boot.web.servlet.FilterRegistrationBean Line:245 - Mapping filter: 'httpPutFormContentFilter' to: [/*]
===2019-06-28 15:21:35.458 INFO  org.springframework.boot.web.servlet.FilterRegistrationBean Line:245 - Mapping filter: 'requestContextFilter' to: [/*]
===2019-06-28 15:21:35.607 INFO  org.springframework.web.servlet.handler.SimpleUrlHandlerMapping Line:373 - Mapped URL path [/**/favicon.ico] onto handler of type [class org.springframework.web.servlet.resource.ResourceHttpRequestHandler]
===2019-06-28 15:21:35.887 INFO  org.springframework.web.servlet.mvc.method.annotation.RequestMappingHandlerAdapter Line:588 - Looking for @ControllerAdvice: org.springframework.boot.web.servlet.context.AnnotationConfigServletWebServerApplicationContext@4802796d: startup date [Fri Jun 28 15:21:32 CST 2019]; root of context hierarchy
===2019-06-28 15:21:35.958 INFO  org.springframework.web.servlet.mvc.method.annotation.RequestMappingHandlerMapping Line:549 - Mapped "{[/index/{streamId} || /INDEX/{streamId}],methods=[GET]}" onto public void CameraController.index(javax.servlet.http.HttpServletRequest,java.lang.Integer)
===2019-06-28 15:21:35.963 INFO  org.springframework.web.servlet.mvc.method.annotation.RequestMappingHandlerMapping Line:549 - Mapped "{[/error]}" onto public org.springframework.http.ResponseEntity<java.util.Map<java.lang.String, java.lang.Object>> org.springframework.boot.autoconfigure.web.servlet.error.BasicErrorController.error(javax.servlet.http.HttpServletRequest)
===2019-06-28 15:21:35.964 INFO  org.springframework.web.servlet.mvc.method.annotation.RequestMappingHandlerMapping Line:549 - Mapped "{[/error],produces=[text/html]}" onto public org.springframework.web.servlet.ModelAndView org.springframework.boot.autoconfigure.web.servlet.error.BasicErrorController.errorHtml(javax.servlet.http.HttpServletRequest,javax.servlet.http.HttpServletResponse)
===2019-06-28 15:21:36.023 INFO  org.springframework.web.servlet.handler.SimpleUrlHandlerMapping Line:373 - Mapped URL path [/webjars/**] onto handler of type [class org.springframework.web.servlet.resource.ResourceHttpRequestHandler]
===2019-06-28 15:21:36.024 INFO  org.springframework.web.servlet.handler.SimpleUrlHandlerMapping Line:373 - Mapped URL path [/**] onto handler of type [class org.springframework.web.servlet.resource.ResourceHttpRequestHandler]
===2019-06-28 15:21:36.211 INFO  org.springframework.jmx.export.annotation.AnnotationMBeanExporter Line:433 - Registering beans for JMX exposure on startup
===2019-06-28 15:21:36.229 INFO  org.apache.coyote.http11.Http11NioProtocol Line:180 - Starting ProtocolHandler ["http-nio-8001"]
===2019-06-28 15:21:36.248 INFO  org.apache.tomcat.util.net.NioSelectorPool Line:180 - Using a shared selector for servlet write/read
===2019-06-28 15:21:36.273 INFO  org.springframework.boot.web.embedded.tomcat.TomcatWebServer Line:206 - Tomcat started on port(s): 8001 (http) with context path '/godeye'
===2019-06-28 15:21:36.278 INFO  GodeyeStart Line:59  - Started GodeyeStart in 4.818 seconds (JVM running for 8.844)
===2019-06-28 15:42:00.596 INFO  GodeyeStart Line:48  - Starting GodeyeStart on DESKTOP-MB4R5RL with PID 9560 (D:\IDEAWorkSpace\other\godeye\target\classes started by Think in D:\IDEAWorkSpace\other\godeye)
===2019-06-28 15:42:00.603 INFO  GodeyeStart Line:593 - No active profile set, falling back to default profiles: default
===2019-06-28 15:42:00.708 INFO  org.springframework.boot.context.embedded.AnnotationConfigEmbeddedWebApplicationContext Line:583 - Refreshing org.springframework.boot.context.embedded.AnnotationConfigEmbeddedWebApplicationContext@40ef3420: startup date [Fri Jun 28 15:42:00 CST 2019]; root of context hierarchy
===2019-06-28 15:42:00.976 INFO  org.hibernate.validator.internal.util.Version Line:30  - HV000001: Hibernate Validator 5.3.5.Final
===2019-06-28 15:42:02.837 INFO  org.springframework.boot.context.embedded.tomcat.TomcatEmbeddedServletContainer Line:89  - Tomcat initialized with port(s): 8001 (http)
===2019-06-28 15:42:02.851 INFO  org.apache.catalina.core.StandardService Line:179 - Starting service [Tomcat]
===2019-06-28 15:42:02.854 INFO  org.apache.catalina.core.StandardEngine Line:179 - Starting Servlet Engine: Apache Tomcat/8.5.20
===2019-06-28 15:42:02.992 INFO  org.apache.catalina.core.ContainerBase.[Tomcat].[localhost].[/godeye] Line:179 - Initializing Spring embedded WebApplicationContext
===2019-06-28 15:42:02.993 INFO  org.springframework.web.context.ContextLoader Line:276 - Root WebApplicationContext: initialization completed in 2285 ms
===2019-06-28 15:42:03.189 INFO  org.springframework.boot.web.servlet.ServletRegistrationBean Line:190 - Mapping servlet: 'dispatcherServlet' to [/]
===2019-06-28 15:42:03.194 INFO  org.springframework.boot.web.servlet.FilterRegistrationBean Line:258 - Mapping filter: 'characterEncodingFilter' to: [/*]
===2019-06-28 15:42:03.195 INFO  org.springframework.boot.web.servlet.FilterRegistrationBean Line:258 - Mapping filter: 'hiddenHttpMethodFilter' to: [/*]
===2019-06-28 15:42:03.196 INFO  org.springframework.boot.web.servlet.FilterRegistrationBean Line:258 - Mapping filter: 'httpPutFormContentFilter' to: [/*]
===2019-06-28 15:42:03.196 INFO  org.springframework.boot.web.servlet.FilterRegistrationBean Line:258 - Mapping filter: 'requestContextFilter' to: [/*]
===2019-06-28 15:42:03.578 INFO  org.springframework.web.servlet.mvc.method.annotation.RequestMappingHandlerAdapter Line:534 - Looking for @ControllerAdvice: org.springframework.boot.context.embedded.AnnotationConfigEmbeddedWebApplicationContext@40ef3420: startup date [Fri Jun 28 15:42:00 CST 2019]; root of context hierarchy
===2019-06-28 15:42:03.639 INFO  org.springframework.web.servlet.mvc.method.annotation.RequestMappingHandlerMapping Line:543 - Mapped "{[/index/{streamId} || /INDEX/{streamId}],methods=[GET]}" onto public void CameraController.index(javax.servlet.http.HttpServletRequest,java.lang.Integer)
===2019-06-28 15:42:03.645 INFO  org.springframework.web.servlet.mvc.method.annotation.RequestMappingHandlerMapping Line:543 - Mapped "{[/error]}" onto public org.springframework.http.ResponseEntity<java.util.Map<java.lang.String, java.lang.Object>> org.springframework.boot.autoconfigure.web.BasicErrorController.error(javax.servlet.http.HttpServletRequest)
===2019-06-28 15:42:03.646 INFO  org.springframework.web.servlet.mvc.method.annotation.RequestMappingHandlerMapping Line:543 - Mapped "{[/error],produces=[text/html]}" onto public org.springframework.web.servlet.ModelAndView org.springframework.boot.autoconfigure.web.BasicErrorController.errorHtml(javax.servlet.http.HttpServletRequest,javax.servlet.http.HttpServletResponse)
===2019-06-28 15:42:03.676 INFO  org.springframework.web.servlet.handler.SimpleUrlHandlerMapping Line:362 - Mapped URL path [/webjars/**] onto handler of type [class org.springframework.web.servlet.resource.ResourceHttpRequestHandler]
===2019-06-28 15:42:03.677 INFO  org.springframework.web.servlet.handler.SimpleUrlHandlerMapping Line:362 - Mapped URL path [/**] onto handler of type [class org.springframework.web.servlet.resource.ResourceHttpRequestHandler]
===2019-06-28 15:42:03.718 INFO  org.springframework.web.servlet.handler.SimpleUrlHandlerMapping Line:362 - Mapped URL path [/**/favicon.ico] onto handler of type [class org.springframework.web.servlet.resource.ResourceHttpRequestHandler]
===2019-06-28 15:42:03.892 INFO  org.springframework.jmx.export.annotation.AnnotationMBeanExporter Line:431 - Registering beans for JMX exposure on startup
===2019-06-28 15:42:03.912 INFO  org.apache.coyote.http11.Http11NioProtocol Line:179 - Initializing ProtocolHandler ["http-nio-8001"]
===2019-06-28 15:42:03.922 INFO  org.apache.coyote.http11.Http11NioProtocol Line:179 - Starting ProtocolHandler ["http-nio-8001"]
===2019-06-28 15:42:03.943 INFO  org.apache.tomcat.util.net.NioSelectorPool Line:179 - Using a shared selector for servlet write/read
===2019-06-28 15:42:03.973 INFO  org.springframework.boot.context.embedded.tomcat.TomcatEmbeddedServletContainer Line:201 - Tomcat started on port(s): 8001 (http)
===2019-06-28 15:42:03.978 INFO  GodeyeStart Line:57  - Started GodeyeStart in 4.096 seconds (JVM running for 9.329)
